[2020-01-21 20:39:12] local.ERROR: Undefined variable: cartDesc {"userId":1,"exception":"[object] (ErrorException(code: 0): Undefined variable: cartDesc at /Users/florent/Dev/plantes-addict/webapp/development/v0.8-latest/app/Http/Controllers/Front/CartController.php:108)
[stacktrace]
#0 /Users/florent/Dev/plantes-addict/webapp/development/v0.8-latest/app/Http/Controllers/Front/CartController.php(108): Illuminate\\Foundation\\Bootstrap\\HandleExceptions->handleError(8, 'Undefined varia...', '/Users/florent/...', 108, Array)
#1 [internal function]: App\\Http\\Controllers\\Front\\CartController->show(Object(Gloudemans\\Shoppingcart\\Cart), Object(Illuminate\\Http\\Request))
#2 /Users/florent/Dev/plantes-addict/webapp/development/v0.8-latest/vendor/laravel/framework/src/Illuminate/Routing/Controller.php(54): call_user_func_array(Array, Array)
#3 /Users/florent/Dev/plantes-addict/webapp/development/v0.8-latest/vendor/laravel/framework/src/Illuminate/Routing/ControllerDispatcher.php(45): Illuminate\\Routing\\Controller->callAction('show', Array)
#4 /Users/florent/Dev/plantes-addict/webapp/development/v0.8-latest/vendor/laravel/framework/src/Illuminate/Routing/Route.php(219): Illuminate\\Routing\\ControllerDispatcher->dispatch(Object(Illuminate\\Routing\\Route), Object(App\\Http\\Controllers\\Front\\CartController), 'show')
#5 /Users/florent/Dev/plantes-addict/webapp/development/v0.8-latest/vendor/laravel/framework/src/Illuminate/Routing/Route.php(176): Illuminate\\Routing\\Route->runController()
#6 /Users/florent/Dev/plantes-addict/webapp/development/v0.8-latest/vendor/laravel/framework/src/Illuminate/Routing/Router.php(680): Illuminate\\Routing\\Route->run()
#7 /Users/florent/Dev/plantes-addict/webapp/development/v0.8-latest/vendor/laravel/framework/src/Illuminate/Pipeline/Pipeline.php(130): Illuminate\\Routing\\Router->Illuminate\\Routing\\{closure}(Object(Illuminate\\Http\\Request))
#8 /Users/florent/Dev/plantes-addict/webapp/development/v0.8-latest/vendor/jeremykenedy/laravel-blocker/src/App/Http/Middleware/LaravelBlocker.php(27): Illuminate\\Pipeline\\Pipeline->Illuminate\\Pipeline\\{closure}(Object(Illuminate\\Http\\Request))
#9 /Users/florent/Dev/plantes-addict/webapp/development/v0.8-latest/vendor/laravel/framework/src/Illuminate/Pipeline/Pipeline.php(171): jeremykenedy\\LaravelBlocker\\App\\Http\\Middleware\\LaravelBlocker->handle(Object(Illuminate\\Http\\Request), Object(Closure))
#10 /Users/florent/Dev/plantes-addict/webapp/development/v0.8-latest/vendor/laravel/framework/src/Illuminate/Routing/Middleware/SubstituteBindings.php(41): Illuminate\\Pipeline\\Pipeline->Illuminate\\Pipeline\\{closure}(Object(Illuminate\\Http\\Request))
#11 /Users/florent/Dev/plantes-addict/webapp/development/v0.8-latest/vendor/laravel/framework/src/Illuminate/Pipeline/Pipeline.php(171): Illuminate\\Routing\\Middleware\\SubstituteBindings->handle(Object(Illuminate\\Http\\Request), Object(Closure))
#12 /Users/florent/Dev/plantes-addict/webapp/development/v0.8-latest/vendor/laravel/framework/src/Illuminate/Foundation/Http/Middleware/VerifyCsrfToken.php(76): Illuminate\\Pipeline\\Pipeline->Illuminate\\Pipeline\\{closure}(Object(Illuminate\\Http\\Request))
#13 /Users/florent/Dev/plantes-addict/webapp/development/v0.8-latest/vendor/laravel/framework/src/Illuminate/Pipeline/Pipeline.php(171): Illuminate\\Foundation\\Http\\Middleware\\VerifyCsrfToken->handle(Object(Illuminate\\Http\\Request), Object(Closure))
#14 /Users/florent/Dev/plantes-addict/webapp/development/v0.8-latest/vendor/laravel/framework/src/Illuminate/View/Middleware/ShareErrorsFromSession.php(49): Illuminate\\Pipeline\\Pipeline->Illuminate\\Pipeline\\{closure}(Object(Illuminate\\Http\\Request))
#15 /Users/florent/Dev/plantes-addict/webapp/development/v0.8-latest/vendor/laravel/framework/src/Illuminate/Pipeline/Pipeline.php(171): Illuminate\\View\\Middleware\\ShareErrorsFromSession->handle(Object(Illuminate\\Http\\Request), Object(Closure))
#16 /Users/florent/Dev/plantes-addict/webapp/development/v0.8-latest/vendor/laravel/framework/src/Illuminate/Session/Middleware/StartSession.php(56): Illuminate\\Pipeline\\Pipeline->Illuminate\\Pipeline\\{closure}(Object(Illuminate\\Http\\Request))
#17 /Users/florent/Dev/plantes-addict/webapp/development/v0.8-latest/vendor/laravel/framework/src/Illuminate/Pipeline/Pipeline.php(171): Illuminate\\Session\\Middleware\\StartSession->handle(Object(Illuminate\\Http\\Request), Object(Closure))
#18 /Users/florent/Dev/plantes-addict/webapp/development/v0.8-latest/vendor/laravel/framework/src/Illuminate/Cookie/Middleware/AddQueuedCookiesToResponse.php(37): Illuminate\\Pipeline\\Pipeline->Illuminate\\Pipeline\\{closure}(Object(Illuminate\\Http\\Request))
#19 /Users/florent/Dev/plantes-addict/webapp/development/v0.8-latest/vendor/laravel/framework/src/Illuminate/Pipeline/Pipeline.php(171): Illuminate\\Cookie\\Middleware\\AddQueuedCookiesToResponse->handle(Object(Illuminate\\Http\\Request), Object(Closure))
#20 /Users/florent/Dev/plantes-addict/webapp/development/v0.8-latest/vendor/laravel/framework/src/Illuminate/Cookie/Middleware/EncryptCookies.php(66): Illuminate\\Pipeline\\Pipeline->Illuminate\\Pipeline\\{closure}(Object(Illuminate\\Http\\Request))
#21 /Users/florent/Dev/plantes-addict/webapp/development/v0.8-latest/vendor/laravel/framework/src/Illuminate/Pipeline/Pipeline.php(171): Illuminate\\Cookie\\Middleware\\EncryptCookies->handle(Object(Illuminate\\Http\\Request), Object(Closure))
#22 /Users/florent/Dev/plantes-addict/webapp/development/v0.8-latest/vendor/laravel/framework/src/Illuminate/Pipeline/Pipeline.php(105): Illuminate\\Pipeline\\Pipeline->Illuminate\\Pipeline\\{closure}(Object(Illuminate\\Http\\Request))
#23 /Users/florent/Dev/plantes-addict/webapp/development/v0.8-latest/vendor/laravel/framework/src/Illuminate/Routing/Router.php(682): Illuminate\\Pipeline\\Pipeline->then(Object(Closure))
#24 /Users/florent/Dev/plantes-addict/webapp/development/v0.8-latest/vendor/laravel/framework/src/Illuminate/Routing/Router.php(657): Illuminate\\Routing\\Router->runRouteWithinStack(Object(Illuminate\\Routing\\Route), Object(Illuminate\\Http\\Request))
#25 /Users/florent/Dev/plantes-addict/webapp/development/v0.8-latest/vendor/laravel/framework/src/Illuminate/Routing/Router.php(623): Illuminate\\Routing\\Router->runRoute(Object(Illuminate\\Http\\Request), Object(Illuminate\\Routing\\Route))
#26 /Users/florent/Dev/plantes-addict/webapp/development/v0.8-latest/vendor/laravel/framework/src/Illuminate/Routing/Router.php(612): Illuminate\\Routing\\Router->dispatchToRoute(Object(Illuminate\\Http\\Request))
#27 /Users/florent/Dev/plantes-addict/webapp/development/v0.8-latest/vendor/laravel/framework/src/Illuminate/Foundation/Http/Kernel.php(176): Illuminate\\Routing\\Router->dispatch(Object(Illuminate\\Http\\Request))
#28 /Users/florent/Dev/plantes-addict/webapp/development/v0.8-latest/vendor/laravel/framework/src/Illuminate/Pipeline/Pipeline.php(130): Illuminate\\Foundation\\Http\\Kernel->Illuminate\\Foundation\\Http\\{closure}(Object(Illuminate\\Http\\Request))
#29 /Users/florent/Dev/plantes-addict/webapp/development/v0.8-latest/vendor/barryvdh/laravel-debugbar/src/Middleware/InjectDebugbar.php(65): Illuminate\\Pipeline\\Pipeline->Illuminate\\Pipeline\\{closure}(Object(Illuminate\\Http\\Request))
#30 /Users/florent/Dev/plantes-addict/webapp/development/v0.8-latest/vendor/laravel/framework/src/Illuminate/Pipeline/Pipeline.php(171): Barryvdh\\Debugbar\\Middleware\\InjectDebugbar->handle(Object(Illuminate\\Http\\Request), Object(Closure))
#31 /Users/florent/Dev/plantes-addict/webapp/development/v0.8-latest/vendor/fideloper/proxy/src/TrustProxies.php(57): Illuminate\\Pipeline\\Pipeline->Illuminate\\Pipeline\\{closure}(Object(Illuminate\\Http\\Request))
#32 /Users/florent/Dev/plantes-addict/webapp/development/v0.8-latest/vendor/laravel/framework/src/Illuminate/Pipeline/Pipeline.php(171): Fideloper\\Proxy\\TrustProxies->handle(Object(Illuminate\\Http\\Request), Object(Closure))
#33 /Users/florent/Dev/plantes-addict/webapp/development/v0.8-latest/vendor/laravel/framework/src/Illuminate/Foundation/Http/Middleware/TransformsRequest.php(21): Illuminate\\Pipeline\\Pipeline->Illuminate\\Pipeline\\{closure}(Object(Illuminate\\Http\\Request))
#34 /Users/florent/Dev/plantes-addict/webapp/development/v0.8-latest/vendor/laravel/framework/src/Illuminate/Pipeline/Pipeline.php(171): Illuminate\\Foundation\\Http\\Middleware\\TransformsRequest->handle(Object(Illuminate\\Http\\Request), Object(Closure))
#35 /Users/florent/Dev/plantes-addict/webapp/development/v0.8-latest/vendor/laravel/framework/src/Illuminate/Foundation/Http/Middleware/TransformsRequest.php(21): Illuminate\\Pipeline\\Pipeline->Illuminate\\Pipeline\\{closure}(Object(Illuminate\\Http\\Request))
#36 /Users/florent/Dev/plantes-addict/webapp/development/v0.8-latest/vendor/laravel/framework/src/Illuminate/Pipeline/Pipeline.php(171): Illuminate\\Foundation\\Http\\Middleware\\TransformsRequest->handle(Object(Illuminate\\Http\\Request), Object(Closure))
#37 /Users/florent/Dev/plantes-addict/webapp/development/v0.8-latest/vendor/laravel/framework/src/Illuminate/Foundation/Http/Middleware/ValidatePostSize.php(27): Illuminate\\Pipeline\\Pipeline->Illuminate\\Pipeline\\{closure}(Object(Illuminate\\Http\\Request))
#38 /Users/florent/Dev/plantes-addict/webapp/development/v0.8-latest/vendor/laravel/framework/src/Illuminate/Pipeline/Pipeline.php(171): Illuminate\\Foundation\\Http\\Middleware\\ValidatePostSize->handle(Object(Illuminate\\Http\\Request), Object(Closure))
#39 /Users/florent/Dev/plantes-addict/webapp/development/v0.8-latest/vendor/laravel/framework/src/Illuminate/Foundation/Http/Middleware/CheckForMaintenanceMode.php(62): Illuminate\\Pipeline\\Pipeline->Illuminate\\Pipeline\\{closure}(Object(Illuminate\\Http\\Request))
#40 /Users/florent/Dev/plantes-addict/webapp/development/v0.8-latest/vendor/laravel/framework/src/Illuminate/Pipeline/Pipeline.php(171): Illuminate\\Foundation\\Http\\Middleware\\CheckForMaintenanceMode->handle(Object(Illuminate\\Http\\Request), Object(Closure))
#41 /Users/florent/Dev/plantes-addict/webapp/development/v0.8-latest/vendor/laravel/framework/src/Illuminate/Pipeline/Pipeline.php(105): Illuminate\\Pipeline\\Pipeline->Illuminate\\Pipeline\\{closure}(Object(Illuminate\\Http\\Request))
#42 /Users/florent/Dev/plantes-addict/webapp/development/v0.8-latest/vendor/laravel/framework/src/Illuminate/Foundation/Http/Kernel.php(151): Illuminate\\Pipeline\\Pipeline->then(Object(Closure))
#43 /Users/florent/Dev/plantes-addict/webapp/development/v0.8-latest/vendor/laravel/framework/src/Illuminate/Foundation/Http/Kernel.php(116): Illuminate\\Foundation\\Http\\Kernel->sendRequestThroughRouter(Object(Illuminate\\Http\\Request))
#44 /Users/florent/Dev/plantes-addict/webapp/development/v0.8-latest/public/index.php(52): Illuminate\\Foundation\\Http\\Kernel->handle(Object(Illuminate\\Http\\Request))
#45 /Users/florent/Dev/plantes-addict/webapp/development/v0.8-latest/server.php(19): require_once('/Users/florent/...')
#46 {main}
"} 
[2020-01-21 20:40:11] local.ERROR: Undefined variable: cartDesc {"userId":1,"exception":"[object] (ErrorException(code: 0): Undefined variable: cartDesc at /Users/florent/Dev/plantes-addict/webapp/development/v0.8-latest/app/Http/Controllers/Front/CartController.php:108)
[stacktrace]
#0 /Users/florent/Dev/plantes-addict/webapp/development/v0.8-latest/app/Http/Controllers/Front/CartController.php(108): Illuminate\\Foundation\\Bootstrap\\HandleExceptions->handleError(8, 'Undefined varia...', '/Users/florent/...', 108, Array)
#1 [internal function]: App\\Http\\Controllers\\Front\\CartController->show(Object(Gloudemans\\Shoppingcart\\Cart), Object(Illuminate\\Http\\Request))
#2 /Users/florent/Dev/plantes-addict/webapp/development/v0.8-latest/vendor/laravel/framework/src/Illuminate/Routing/Controller.php(54): call_user_func_array(Array, Array)
#3 /Users/florent/Dev/plantes-addict/webapp/development/v0.8-latest/vendor/laravel/framework/src/Illuminate/Routing/ControllerDispatcher.php(45): Illuminate\\Routing\\Controller->callAction('show', Array)
#4 /Users/florent/Dev/plantes-addict/webapp/development/v0.8-latest/vendor/laravel/framework/src/Illuminate/Routing/Route.php(219): Illuminate\\Routing\\ControllerDispatcher->dispatch(Object(Illuminate\\Routing\\Route), Object(App\\Http\\Controllers\\Front\\CartController), 'show')
#5 /Users/florent/Dev/plantes-addict/webapp/development/v0.8-latest/vendor/laravel/framework/src/Illuminate/Routing/Route.php(176): Illuminate\\Routing\\Route->runController()
#6 /Users/florent/Dev/plantes-addict/webapp/development/v0.8-latest/vendor/laravel/framework/src/Illuminate/Routing/Router.php(680): Illuminate\\Routing\\Route->run()
#7 /Users/florent/Dev/plantes-addict/webapp/development/v0.8-latest/vendor/laravel/framework/src/Illuminate/Pipeline/Pipeline.php(130): Illuminate\\Routing\\Router->Illuminate\\Routing\\{closure}(Object(Illuminate\\Http\\Request))
#8 /Users/florent/Dev/plantes-addict/webapp/development/v0.8-latest/vendor/jeremykenedy/laravel-blocker/src/App/Http/Middleware/LaravelBlocker.php(27): Illuminate\\Pipeline\\Pipeline->Illuminate\\Pipeline\\{closure}(Object(Illuminate\\Http\\Request))
#9 /Users/florent/Dev/plantes-addict/webapp/development/v0.8-latest/vendor/laravel/framework/src/Illuminate/Pipeline/Pipeline.php(171): jeremykenedy\\LaravelBlocker\\App\\Http\\Middleware\\LaravelBlocker->handle(Object(Illuminate\\Http\\Request), Object(Closure))
#10 /Users/florent/Dev/plantes-addict/webapp/development/v0.8-latest/vendor/laravel/framework/src/Illuminate/Routing/Middleware/SubstituteBindings.php(41): Illuminate\\Pipeline\\Pipeline->Illuminate\\Pipeline\\{closure}(Object(Illuminate\\Http\\Request))
#11 /Users/florent/Dev/plantes-addict/webapp/development/v0.8-latest/vendor/laravel/framework/src/Illuminate/Pipeline/Pipeline.php(171): Illuminate\\Routing\\Middleware\\SubstituteBindings->handle(Object(Illuminate\\Http\\Request), Object(Closure))
#12 /Users/florent/Dev/plantes-addict/webapp/development/v0.8-latest/vendor/laravel/framework/src/Illuminate/Foundation/Http/Middleware/VerifyCsrfToken.php(76): Illuminate\\Pipeline\\Pipeline->Illuminate\\Pipeline\\{closure}(Object(Illuminate\\Http\\Request))
#13 /Users/florent/Dev/plantes-addict/webapp/development/v0.8-latest/vendor/laravel/framework/src/Illuminate/Pipeline/Pipeline.php(171): Illuminate\\Foundation\\Http\\Middleware\\VerifyCsrfToken->handle(Object(Illuminate\\Http\\Request), Object(Closure))
#14 /Users/florent/Dev/plantes-addict/webapp/development/v0.8-latest/vendor/laravel/framework/src/Illuminate/View/Middleware/ShareErrorsFromSession.php(49): Illuminate\\Pipeline\\Pipeline->Illuminate\\Pipeline\\{closure}(Object(Illuminate\\Http\\Request))
#15 /Users/florent/Dev/plantes-addict/webapp/development/v0.8-latest/vendor/laravel/framework/src/Illuminate/Pipeline/Pipeline.php(171): Illuminate\\View\\Middleware\\ShareErrorsFromSession->handle(Object(Illuminate\\Http\\Request), Object(Closure))
#16 /Users/florent/Dev/plantes-addict/webapp/development/v0.8-latest/vendor/laravel/framework/src/Illuminate/Session/Middleware/StartSession.php(56): Illuminate\\Pipeline\\Pipeline->Illuminate\\Pipeline\\{closure}(Object(Illuminate\\Http\\Request))
#17 /Users/florent/Dev/plantes-addict/webapp/development/v0.8-latest/vendor/laravel/framework/src/Illuminate/Pipeline/Pipeline.php(171): Illuminate\\Session\\Middleware\\StartSession->handle(Object(Illuminate\\Http\\Request), Object(Closure))
#18 /Users/florent/Dev/plantes-addict/webapp/development/v0.8-latest/vendor/laravel/framework/src/Illuminate/Cookie/Middleware/AddQueuedCookiesToResponse.php(37): Illuminate\\Pipeline\\Pipeline->Illuminate\\Pipeline\\{closure}(Object(Illuminate\\Http\\Request))
#19 /Users/florent/Dev/plantes-addict/webapp/development/v0.8-latest/vendor/laravel/framework/src/Illuminate/Pipeline/Pipeline.php(171): Illuminate\\Cookie\\Middleware\\AddQueuedCookiesToResponse->handle(Object(Illuminate\\Http\\Request), Object(Closure))
#20 /Users/florent/Dev/plantes-addict/webapp/development/v0.8-latest/vendor/laravel/framework/src/Illuminate/Cookie/Middleware/EncryptCookies.php(66): Illuminate\\Pipeline\\Pipeline->Illuminate\\Pipeline\\{closure}(Object(Illuminate\\Http\\Request))
#21 /Users/florent/Dev/plantes-addict/webapp/development/v0.8-latest/vendor/laravel/framework/src/Illuminate/Pipeline/Pipeline.php(171): Illuminate\\Cookie\\Middleware\\EncryptCookies->handle(Object(Illuminate\\Http\\Request), Object(Closure))
#22 /Users/florent/Dev/plantes-addict/webapp/development/v0.8-latest/vendor/laravel/framework/src/Illuminate/Pipeline/Pipeline.php(105): Illuminate\\Pipeline\\Pipeline->Illuminate\\Pipeline\\{closure}(Object(Illuminate\\Http\\Request))
#23 /Users/florent/Dev/plantes-addict/webapp/development/v0.8-latest/vendor/laravel/framework/src/Illuminate/Routing/Router.php(682): Illuminate\\Pipeline\\Pipeline->then(Object(Closure))
#24 /Users/florent/Dev/plantes-addict/webapp/development/v0.8-latest/vendor/laravel/framework/src/Illuminate/Routing/Router.php(657): Illuminate\\Routing\\Router->runRouteWithinStack(Object(Illuminate\\Routing\\Route), Object(Illuminate\\Http\\Request))
#25 /Users/florent/Dev/plantes-addict/webapp/development/v0.8-latest/vendor/laravel/framework/src/Illuminate/Routing/Router.php(623): Illuminate\\Routing\\Router->runRoute(Object(Illuminate\\Http\\Request), Object(Illuminate\\Routing\\Route))
#26 /Users/florent/Dev/plantes-addict/webapp/development/v0.8-latest/vendor/laravel/framework/src/Illuminate/Routing/Router.php(612): Illuminate\\Routing\\Router->dispatchToRoute(Object(Illuminate\\Http\\Request))
#27 /Users/florent/Dev/plantes-addict/webapp/development/v0.8-latest/vendor/laravel/framework/src/Illuminate/Foundation/Http/Kernel.php(176): Illuminate\\Routing\\Router->dispatch(Object(Illuminate\\Http\\Request))
#28 /Users/florent/Dev/plantes-addict/webapp/development/v0.8-latest/vendor/laravel/framework/src/Illuminate/Pipeline/Pipeline.php(130): Illuminate\\Foundation\\Http\\Kernel->Illuminate\\Foundation\\Http\\{closure}(Object(Illuminate\\Http\\Request))
#29 /Users/florent/Dev/plantes-addict/webapp/development/v0.8-latest/vendor/barryvdh/laravel-debugbar/src/Middleware/InjectDebugbar.php(65): Illuminate\\Pipeline\\Pipeline->Illuminate\\Pipeline\\{closure}(Object(Illuminate\\Http\\Request))
#30 /Users/florent/Dev/plantes-addict/webapp/development/v0.8-latest/vendor/laravel/framework/src/Illuminate/Pipeline/Pipeline.php(171): Barryvdh\\Debugbar\\Middleware\\InjectDebugbar->handle(Object(Illuminate\\Http\\Request), Object(Closure))
#31 /Users/florent/Dev/plantes-addict/webapp/development/v0.8-latest/vendor/fideloper/proxy/src/TrustProxies.php(57): Illuminate\\Pipeline\\Pipeline->Illuminate\\Pipeline\\{closure}(Object(Illuminate\\Http\\Request))
#32 /Users/florent/Dev/plantes-addict/webapp/development/v0.8-latest/vendor/laravel/framework/src/Illuminate/Pipeline/Pipeline.php(171): Fideloper\\Proxy\\TrustProxies->handle(Object(Illuminate\\Http\\Request), Object(Closure))
#33 /Users/florent/Dev/plantes-addict/webapp/development/v0.8-latest/vendor/laravel/framework/src/Illuminate/Foundation/Http/Middleware/TransformsRequest.php(21): Illuminate\\Pipeline\\Pipeline->Illuminate\\Pipeline\\{closure}(Object(Illuminate\\Http\\Request))
#34 /Users/florent/Dev/plantes-addict/webapp/development/v0.8-latest/vendor/laravel/framework/src/Illuminate/Pipeline/Pipeline.php(171): Illuminate\\Foundation\\Http\\Middleware\\TransformsRequest->handle(Object(Illuminate\\Http\\Request), Object(Closure))
#35 /Users/florent/Dev/plantes-addict/webapp/development/v0.8-latest/vendor/laravel/framework/src/Illuminate/Foundation/Http/Middleware/TransformsRequest.php(21): Illuminate\\Pipeline\\Pipeline->Illuminate\\Pipeline\\{closure}(Object(Illuminate\\Http\\Request))
#36 /Users/florent/Dev/plantes-addict/webapp/development/v0.8-latest/vendor/laravel/framework/src/Illuminate/Pipeline/Pipeline.php(171): Illuminate\\Foundation\\Http\\Middleware\\TransformsRequest->handle(Object(Illuminate\\Http\\Request), Object(Closure))
#37 /Users/florent/Dev/plantes-addict/webapp/development/v0.8-latest/vendor/laravel/framework/src/Illuminate/Foundation/Http/Middleware/ValidatePostSize.php(27): Illuminate\\Pipeline\\Pipeline->Illuminate\\Pipeline\\{closure}(Object(Illuminate\\Http\\Request))
#38 /Users/florent/Dev/plantes-addict/webapp/development/v0.8-latest/vendor/laravel/framework/src/Illuminate/Pipeline/Pipeline.php(171): Illuminate\\Foundation\\Http\\Middleware\\ValidatePostSize->handle(Object(Illuminate\\Http\\Request), Object(Closure))
#39 /Users/florent/Dev/plantes-addict/webapp/development/v0.8-latest/vendor/laravel/framework/src/Illuminate/Foundation/Http/Middleware/CheckForMaintenanceMode.php(62): Illuminate\\Pipeline\\Pipeline->Illuminate\\Pipeline\\{closure}(Object(Illuminate\\Http\\Request))
#40 /Users/florent/Dev/plantes-addict/webapp/development/v0.8-latest/vendor/laravel/framework/src/Illuminate/Pipeline/Pipeline.php(171): Illuminate\\Foundation\\Http\\Middleware\\CheckForMaintenanceMode->handle(Object(Illuminate\\Http\\Request), Object(Closure))
#41 /Users/florent/Dev/plantes-addict/webapp/development/v0.8-latest/vendor/laravel/framework/src/Illuminate/Pipeline/Pipeline.php(105): Illuminate\\Pipeline\\Pipeline->Illuminate\\Pipeline\\{closure}(Object(Illuminate\\Http\\Request))
#42 /Users/florent/Dev/plantes-addict/webapp/development/v0.8-latest/vendor/laravel/framework/src/Illuminate/Foundation/Http/Kernel.php(151): Illuminate\\Pipeline\\Pipeline->then(Object(Closure))
#43 /Users/florent/Dev/plantes-addict/webapp/development/v0.8-latest/vendor/laravel/framework/src/Illuminate/Foundation/Http/Kernel.php(116): Illuminate\\Foundation\\Http\\Kernel->sendRequestThroughRouter(Object(Illuminate\\Http\\Request))
#44 /Users/florent/Dev/plantes-addict/webapp/development/v0.8-latest/public/index.php(52): Illuminate\\Foundation\\Http\\Kernel->handle(Object(Illuminate\\Http\\Request))
#45 /Users/florent/Dev/plantes-addict/webapp/development/v0.8-latest/server.php(19): require_once('/Users/florent/...')
#46 {main}
"} 
[2020-01-21 20:40:27] local.ERROR: Undefined variable: cartDesc {"userId":1,"exception":"[object] (ErrorException(code: 0): Undefined variable: cartDesc at /Users/florent/Dev/plantes-addict/webapp/development/v0.8-latest/app/Http/Controllers/Front/CartController.php:108)
[stacktrace]
#0 /Users/florent/Dev/plantes-addict/webapp/development/v0.8-latest/app/Http/Controllers/Front/CartController.php(108): Illuminate\\Foundation\\Bootstrap\\HandleExceptions->handleError(8, 'Undefined varia...', '/Users/florent/...', 108, Array)
#1 [internal function]: App\\Http\\Controllers\\Front\\CartController->show(Object(Gloudemans\\Shoppingcart\\Cart), Object(Illuminate\\Http\\Request))
#2 /Users/florent/Dev/plantes-addict/webapp/development/v0.8-latest/vendor/laravel/framework/src/Illuminate/Routing/Controller.php(54): call_user_func_array(Array, Array)
#3 /Users/florent/Dev/plantes-addict/webapp/development/v0.8-latest/vendor/laravel/framework/src/Illuminate/Routing/ControllerDispatcher.php(45): Illuminate\\Routing\\Controller->callAction('show', Array)
#4 /Users/florent/Dev/plantes-addict/webapp/development/v0.8-latest/vendor/laravel/framework/src/Illuminate/Routing/Route.php(219): Illuminate\\Routing\\ControllerDispatcher->dispatch(Object(Illuminate\\Routing\\Route), Object(App\\Http\\Controllers\\Front\\CartController), 'show')
#5 /Users/florent/Dev/plantes-addict/webapp/development/v0.8-latest/vendor/laravel/framework/src/Illuminate/Routing/Route.php(176): Illuminate\\Routing\\Route->runController()
#6 /Users/florent/Dev/plantes-addict/webapp/development/v0.8-latest/vendor/laravel/framework/src/Illuminate/Routing/Router.php(680): Illuminate\\Routing\\Route->run()
#7 /Users/florent/Dev/plantes-addict/webapp/development/v0.8-latest/vendor/laravel/framework/src/Illuminate/Pipeline/Pipeline.php(130): Illuminate\\Routing\\Router->Illuminate\\Routing\\{closure}(Object(Illuminate\\Http\\Request))
#8 /Users/florent/Dev/plantes-addict/webapp/development/v0.8-latest/vendor/jeremykenedy/laravel-blocker/src/App/Http/Middleware/LaravelBlocker.php(27): Illuminate\\Pipeline\\Pipeline->Illuminate\\Pipeline\\{closure}(Object(Illuminate\\Http\\Request))
#9 /Users/florent/Dev/plantes-addict/webapp/development/v0.8-latest/vendor/laravel/framework/src/Illuminate/Pipeline/Pipeline.php(171): jeremykenedy\\LaravelBlocker\\App\\Http\\Middleware\\LaravelBlocker->handle(Object(Illuminate\\Http\\Request), Object(Closure))
#10 /Users/florent/Dev/plantes-addict/webapp/development/v0.8-latest/vendor/laravel/framework/src/Illuminate/Routing/Middleware/SubstituteBindings.php(41): Illuminate\\Pipeline\\Pipeline->Illuminate\\Pipeline\\{closure}(Object(Illuminate\\Http\\Request))
#11 /Users/florent/Dev/plantes-addict/webapp/development/v0.8-latest/vendor/laravel/framework/src/Illuminate/Pipeline/Pipeline.php(171): Illuminate\\Routing\\Middleware\\SubstituteBindings->handle(Object(Illuminate\\Http\\Request), Object(Closure))
#12 /Users/florent/Dev/plantes-addict/webapp/development/v0.8-latest/vendor/laravel/framework/src/Illuminate/Foundation/Http/Middleware/VerifyCsrfToken.php(76): Illuminate\\Pipeline\\Pipeline->Illuminate\\Pipeline\\{closure}(Object(Illuminate\\Http\\Request))
#13 /Users/florent/Dev/plantes-addict/webapp/development/v0.8-latest/vendor/laravel/framework/src/Illuminate/Pipeline/Pipeline.php(171): Illuminate\\Foundation\\Http\\Middleware\\VerifyCsrfToken->handle(Object(Illuminate\\Http\\Request), Object(Closure))
#14 /Users/florent/Dev/plantes-addict/webapp/development/v0.8-latest/vendor/laravel/framework/src/Illuminate/View/Middleware/ShareErrorsFromSession.php(49): Illuminate\\Pipeline\\Pipeline->Illuminate\\Pipeline\\{closure}(Object(Illuminate\\Http\\Request))
#15 /Users/florent/Dev/plantes-addict/webapp/development/v0.8-latest/vendor/laravel/framework/src/Illuminate/Pipeline/Pipeline.php(171): Illuminate\\View\\Middleware\\ShareErrorsFromSession->handle(Object(Illuminate\\Http\\Request), Object(Closure))
#16 /Users/florent/Dev/plantes-addict/webapp/development/v0.8-latest/vendor/laravel/framework/src/Illuminate/Session/Middleware/StartSession.php(56): Illuminate\\Pipeline\\Pipeline->Illuminate\\Pipeline\\{closure}(Object(Illuminate\\Http\\Request))
#17 /Users/florent/Dev/plantes-addict/webapp/development/v0.8-latest/vendor/laravel/framework/src/Illuminate/Pipeline/Pipeline.php(171): Illuminate\\Session\\Middleware\\StartSession->handle(Object(Illuminate\\Http\\Request), Object(Closure))
#18 /Users/florent/Dev/plantes-addict/webapp/development/v0.8-latest/vendor/laravel/framework/src/Illuminate/Cookie/Middleware/AddQueuedCookiesToResponse.php(37): Illuminate\\Pipeline\\Pipeline->Illuminate\\Pipeline\\{closure}(Object(Illuminate\\Http\\Request))
#19 /Users/florent/Dev/plantes-addict/webapp/development/v0.8-latest/vendor/laravel/framework/src/Illuminate/Pipeline/Pipeline.php(171): Illuminate\\Cookie\\Middleware\\AddQueuedCookiesToResponse->handle(Object(Illuminate\\Http\\Request), Object(Closure))
#20 /Users/florent/Dev/plantes-addict/webapp/development/v0.8-latest/vendor/laravel/framework/src/Illuminate/Cookie/Middleware/EncryptCookies.php(66): Illuminate\\Pipeline\\Pipeline->Illuminate\\Pipeline\\{closure}(Object(Illuminate\\Http\\Request))
#21 /Users/florent/Dev/plantes-addict/webapp/development/v0.8-latest/vendor/laravel/framework/src/Illuminate/Pipeline/Pipeline.php(171): Illuminate\\Cookie\\Middleware\\EncryptCookies->handle(Object(Illuminate\\Http\\Request), Object(Closure))
#22 /Users/florent/Dev/plantes-addict/webapp/development/v0.8-latest/vendor/laravel/framework/src/Illuminate/Pipeline/Pipeline.php(105): Illuminate\\Pipeline\\Pipeline->Illuminate\\Pipeline\\{closure}(Object(Illuminate\\Http\\Request))
#23 /Users/florent/Dev/plantes-addict/webapp/development/v0.8-latest/vendor/laravel/framework/src/Illuminate/Routing/Router.php(682): Illuminate\\Pipeline\\Pipeline->then(Object(Closure))
#24 /Users/florent/Dev/plantes-addict/webapp/development/v0.8-latest/vendor/laravel/framework/src/Illuminate/Routing/Router.php(657): Illuminate\\Routing\\Router->runRouteWithinStack(Object(Illuminate\\Routing\\Route), Object(Illuminate\\Http\\Request))
#25 /Users/florent/Dev/plantes-addict/webapp/development/v0.8-latest/vendor/laravel/framework/src/Illuminate/Routing/Router.php(623): Illuminate\\Routing\\Router->runRoute(Object(Illuminate\\Http\\Request), Object(Illuminate\\Routing\\Route))
#26 /Users/florent/Dev/plantes-addict/webapp/development/v0.8-latest/vendor/laravel/framework/src/Illuminate/Routing/Router.php(612): Illuminate\\Routing\\Router->dispatchToRoute(Object(Illuminate\\Http\\Request))
#27 /Users/florent/Dev/plantes-addict/webapp/development/v0.8-latest/vendor/laravel/framework/src/Illuminate/Foundation/Http/Kernel.php(176): Illuminate\\Routing\\Router->dispatch(Object(Illuminate\\Http\\Request))
#28 /Users/florent/Dev/plantes-addict/webapp/development/v0.8-latest/vendor/laravel/framework/src/Illuminate/Pipeline/Pipeline.php(130): Illuminate\\Foundation\\Http\\Kernel->Illuminate\\Foundation\\Http\\{closure}(Object(Illuminate\\Http\\Request))
#29 /Users/florent/Dev/plantes-addict/webapp/development/v0.8-latest/vendor/barryvdh/laravel-debugbar/src/Middleware/InjectDebugbar.php(65): Illuminate\\Pipeline\\Pipeline->Illuminate\\Pipeline\\{closure}(Object(Illuminate\\Http\\Request))
#30 /Users/florent/Dev/plantes-addict/webapp/development/v0.8-latest/vendor/laravel/framework/src/Illuminate/Pipeline/Pipeline.php(171): Barryvdh\\Debugbar\\Middleware\\InjectDebugbar->handle(Object(Illuminate\\Http\\Request), Object(Closure))
#31 /Users/florent/Dev/plantes-addict/webapp/development/v0.8-latest/vendor/fideloper/proxy/src/TrustProxies.php(57): Illuminate\\Pipeline\\Pipeline->Illuminate\\Pipeline\\{closure}(Object(Illuminate\\Http\\Request))
#32 /Users/florent/Dev/plantes-addict/webapp/development/v0.8-latest/vendor/laravel/framework/src/Illuminate/Pipeline/Pipeline.php(171): Fideloper\\Proxy\\TrustProxies->handle(Object(Illuminate\\Http\\Request), Object(Closure))
#33 /Users/florent/Dev/plantes-addict/webapp/development/v0.8-latest/vendor/laravel/framework/src/Illuminate/Foundation/Http/Middleware/TransformsRequest.php(21): Illuminate\\Pipeline\\Pipeline->Illuminate\\Pipeline\\{closure}(Object(Illuminate\\Http\\Request))
#34 /Users/florent/Dev/plantes-addict/webapp/development/v0.8-latest/vendor/laravel/framework/src/Illuminate/Pipeline/Pipeline.php(171): Illuminate\\Foundation\\Http\\Middleware\\TransformsRequest->handle(Object(Illuminate\\Http\\Request), Object(Closure))
#35 /Users/florent/Dev/plantes-addict/webapp/development/v0.8-latest/vendor/laravel/framework/src/Illuminate/Foundation/Http/Middleware/TransformsRequest.php(21): Illuminate\\Pipeline\\Pipeline->Illuminate\\Pipeline\\{closure}(Object(Illuminate\\Http\\Request))
#36 /Users/florent/Dev/plantes-addict/webapp/development/v0.8-latest/vendor/laravel/framework/src/Illuminate/Pipeline/Pipeline.php(171): Illuminate\\Foundation\\Http\\Middleware\\TransformsRequest->handle(Object(Illuminate\\Http\\Request), Object(Closure))
#37 /Users/florent/Dev/plantes-addict/webapp/development/v0.8-latest/vendor/laravel/framework/src/Illuminate/Foundation/Http/Middleware/ValidatePostSize.php(27): Illuminate\\Pipeline\\Pipeline->Illuminate\\Pipeline\\{closure}(Object(Illuminate\\Http\\Request))
#38 /Users/florent/Dev/plantes-addict/webapp/development/v0.8-latest/vendor/laravel/framework/src/Illuminate/Pipeline/Pipeline.php(171): Illuminate\\Foundation\\Http\\Middleware\\ValidatePostSize->handle(Object(Illuminate\\Http\\Request), Object(Closure))
#39 /Users/florent/Dev/plantes-addict/webapp/development/v0.8-latest/vendor/laravel/framework/src/Illuminate/Foundation/Http/Middleware/CheckForMaintenanceMode.php(62): Illuminate\\Pipeline\\Pipeline->Illuminate\\Pipeline\\{closure}(Object(Illuminate\\Http\\Request))
#40 /Users/florent/Dev/plantes-addict/webapp/development/v0.8-latest/vendor/laravel/framework/src/Illuminate/Pipeline/Pipeline.php(171): Illuminate\\Foundation\\Http\\Middleware\\CheckForMaintenanceMode->handle(Object(Illuminate\\Http\\Request), Object(Closure))
#41 /Users/florent/Dev/plantes-addict/webapp/development/v0.8-latest/vendor/laravel/framework/src/Illuminate/Pipeline/Pipeline.php(105): Illuminate\\Pipeline\\Pipeline->Illuminate\\Pipeline\\{closure}(Object(Illuminate\\Http\\Request))
#42 /Users/florent/Dev/plantes-addict/webapp/development/v0.8-latest/vendor/laravel/framework/src/Illuminate/Foundation/Http/Kernel.php(151): Illuminate\\Pipeline\\Pipeline->then(Object(Closure))
#43 /Users/florent/Dev/plantes-addict/webapp/development/v0.8-latest/vendor/laravel/framework/src/Illuminate/Foundation/Http/Kernel.php(116): Illuminate\\Foundation\\Http\\Kernel->sendRequestThroughRouter(Object(Illuminate\\Http\\Request))
#44 /Users/florent/Dev/plantes-addict/webapp/development/v0.8-latest/public/index.php(52): Illuminate\\Foundation\\Http\\Kernel->handle(Object(Illuminate\\Http\\Request))
#45 /Users/florent/Dev/plantes-addict/webapp/development/v0.8-latest/server.php(19): require_once('/Users/florent/...')
#46 {main}
"} 
[2020-01-21 20:40:39] local.ERROR: Undefined variable: cartDesc {"userId":1,"exception":"[object] (ErrorException(code: 0): Undefined variable: cartDesc at /Users/florent/Dev/plantes-addict/webapp/development/v0.8-latest/app/Http/Controllers/Front/CartController.php:108)
[stacktrace]
#0 /Users/florent/Dev/plantes-addict/webapp/development/v0.8-latest/app/Http/Controllers/Front/CartController.php(108): Illuminate\\Foundation\\Bootstrap\\HandleExceptions->handleError(8, 'Undefined varia...', '/Users/florent/...', 108, Array)
#1 [internal function]: App\\Http\\Controllers\\Front\\CartController->show(Object(Gloudemans\\Shoppingcart\\Cart), Object(Illuminate\\Http\\Request))
#2 /Users/florent/Dev/plantes-addict/webapp/development/v0.8-latest/vendor/laravel/framework/src/Illuminate/Routing/Controller.php(54): call_user_func_array(Array, Array)
#3 /Users/florent/Dev/plantes-addict/webapp/development/v0.8-latest/vendor/laravel/framework/src/Illuminate/Routing/ControllerDispatcher.php(45): Illuminate\\Routing\\Controller->callAction('show', Array)
#4 /Users/florent/Dev/plantes-addict/webapp/development/v0.8-latest/vendor/laravel/framework/src/Illuminate/Routing/Route.php(219): Illuminate\\Routing\\ControllerDispatcher->dispatch(Object(Illuminate\\Routing\\Route), Object(App\\Http\\Controllers\\Front\\CartController), 'show')
#5 /Users/florent/Dev/plantes-addict/webapp/development/v0.8-latest/vendor/laravel/framework/src/Illuminate/Routing/Route.php(176): Illuminate\\Routing\\Route->runController()
#6 /Users/florent/Dev/plantes-addict/webapp/development/v0.8-latest/vendor/laravel/framework/src/Illuminate/Routing/Router.php(680): Illuminate\\Routing\\Route->run()
#7 /Users/florent/Dev/plantes-addict/webapp/development/v0.8-latest/vendor/laravel/framework/src/Illuminate/Pipeline/Pipeline.php(130): Illuminate\\Routing\\Router->Illuminate\\Routing\\{closure}(Object(Illuminate\\Http\\Request))
#8 /Users/florent/Dev/plantes-addict/webapp/development/v0.8-latest/vendor/jeremykenedy/laravel-blocker/src/App/Http/Middleware/LaravelBlocker.php(27): Illuminate\\Pipeline\\Pipeline->Illuminate\\Pipeline\\{closure}(Object(Illuminate\\Http\\Request))
#9 /Users/florent/Dev/plantes-addict/webapp/development/v0.8-latest/vendor/laravel/framework/src/Illuminate/Pipeline/Pipeline.php(171): jeremykenedy\\LaravelBlocker\\App\\Http\\Middleware\\LaravelBlocker->handle(Object(Illuminate\\Http\\Request), Object(Closure))
#10 /Users/florent/Dev/plantes-addict/webapp/development/v0.8-latest/vendor/laravel/framework/src/Illuminate/Routing/Middleware/SubstituteBindings.php(41): Illuminate\\Pipeline\\Pipeline->Illuminate\\Pipeline\\{closure}(Object(Illuminate\\Http\\Request))
#11 /Users/florent/Dev/plantes-addict/webapp/development/v0.8-latest/vendor/laravel/framework/src/Illuminate/Pipeline/Pipeline.php(171): Illuminate\\Routing\\Middleware\\SubstituteBindings->handle(Object(Illuminate\\Http\\Request), Object(Closure))
#12 /Users/florent/Dev/plantes-addict/webapp/development/v0.8-latest/vendor/laravel/framework/src/Illuminate/Foundation/Http/Middleware/VerifyCsrfToken.php(76): Illuminate\\Pipeline\\Pipeline->Illuminate\\Pipeline\\{closure}(Object(Illuminate\\Http\\Request))
#13 /Users/florent/Dev/plantes-addict/webapp/development/v0.8-latest/vendor/laravel/framework/src/Illuminate/Pipeline/Pipeline.php(171): Illuminate\\Foundation\\Http\\Middleware\\VerifyCsrfToken->handle(Object(Illuminate\\Http\\Request), Object(Closure))
#14 /Users/florent/Dev/plantes-addict/webapp/development/v0.8-latest/vendor/laravel/framework/src/Illuminate/View/Middleware/ShareErrorsFromSession.php(49): Illuminate\\Pipeline\\Pipeline->Illuminate\\Pipeline\\{closure}(Object(Illuminate\\Http\\Request))
#15 /Users/florent/Dev/plantes-addict/webapp/development/v0.8-latest/vendor/laravel/framework/src/Illuminate/Pipeline/Pipeline.php(171): Illuminate\\View\\Middleware\\ShareErrorsFromSession->handle(Object(Illuminate\\Http\\Request), Object(Closure))
#16 /Users/florent/Dev/plantes-addict/webapp/development/v0.8-latest/vendor/laravel/framework/src/Illuminate/Session/Middleware/StartSession.php(56): Illuminate\\Pipeline\\Pipeline->Illuminate\\Pipeline\\{closure}(Object(Illuminate\\Http\\Request))
#17 /Users/florent/Dev/plantes-addict/webapp/development/v0.8-latest/vendor/laravel/framework/src/Illuminate/Pipeline/Pipeline.php(171): Illuminate\\Session\\Middleware\\StartSession->handle(Object(Illuminate\\Http\\Request), Object(Closure))
#18 /Users/florent/Dev/plantes-addict/webapp/development/v0.8-latest/vendor/laravel/framework/src/Illuminate/Cookie/Middleware/AddQueuedCookiesToResponse.php(37): Illuminate\\Pipeline\\Pipeline->Illuminate\\Pipeline\\{closure}(Object(Illuminate\\Http\\Request))
#19 /Users/florent/Dev/plantes-addict/webapp/development/v0.8-latest/vendor/laravel/framework/src/Illuminate/Pipeline/Pipeline.php(171): Illuminate\\Cookie\\Middleware\\AddQueuedCookiesToResponse->handle(Object(Illuminate\\Http\\Request), Object(Closure))
#20 /Users/florent/Dev/plantes-addict/webapp/development/v0.8-latest/vendor/laravel/framework/src/Illuminate/Cookie/Middleware/EncryptCookies.php(66): Illuminate\\Pipeline\\Pipeline->Illuminate\\Pipeline\\{closure}(Object(Illuminate\\Http\\Request))
#21 /Users/florent/Dev/plantes-addict/webapp/development/v0.8-latest/vendor/laravel/framework/src/Illuminate/Pipeline/Pipeline.php(171): Illuminate\\Cookie\\Middleware\\EncryptCookies->handle(Object(Illuminate\\Http\\Request), Object(Closure))
#22 /Users/florent/Dev/plantes-addict/webapp/development/v0.8-latest/vendor/laravel/framework/src/Illuminate/Pipeline/Pipeline.php(105): Illuminate\\Pipeline\\Pipeline->Illuminate\\Pipeline\\{closure}(Object(Illuminate\\Http\\Request))
#23 /Users/florent/Dev/plantes-addict/webapp/development/v0.8-latest/vendor/laravel/framework/src/Illuminate/Routing/Router.php(682): Illuminate\\Pipeline\\Pipeline->then(Object(Closure))
#24 /Users/florent/Dev/plantes-addict/webapp/development/v0.8-latest/vendor/laravel/framework/src/Illuminate/Routing/Router.php(657): Illuminate\\Routing\\Router->runRouteWithinStack(Object(Illuminate\\Routing\\Route), Object(Illuminate\\Http\\Request))
#25 /Users/florent/Dev/plantes-addict/webapp/development/v0.8-latest/vendor/laravel/framework/src/Illuminate/Routing/Router.php(623): Illuminate\\Routing\\Router->runRoute(Object(Illuminate\\Http\\Request), Object(Illuminate\\Routing\\Route))
#26 /Users/florent/Dev/plantes-addict/webapp/development/v0.8-latest/vendor/laravel/framework/src/Illuminate/Routing/Router.php(612): Illuminate\\Routing\\Router->dispatchToRoute(Object(Illuminate\\Http\\Request))
#27 /Users/florent/Dev/plantes-addict/webapp/development/v0.8-latest/vendor/laravel/framework/src/Illuminate/Foundation/Http/Kernel.php(176): Illuminate\\Routing\\Router->dispatch(Object(Illuminate\\Http\\Request))
#28 /Users/florent/Dev/plantes-addict/webapp/development/v0.8-latest/vendor/laravel/framework/src/Illuminate/Pipeline/Pipeline.php(130): Illuminate\\Foundation\\Http\\Kernel->Illuminate\\Foundation\\Http\\{closure}(Object(Illuminate\\Http\\Request))
#29 /Users/florent/Dev/plantes-addict/webapp/development/v0.8-latest/vendor/barryvdh/laravel-debugbar/src/Middleware/InjectDebugbar.php(65): Illuminate\\Pipeline\\Pipeline->Illuminate\\Pipeline\\{closure}(Object(Illuminate\\Http\\Request))
#30 /Users/florent/Dev/plantes-addict/webapp/development/v0.8-latest/vendor/laravel/framework/src/Illuminate/Pipeline/Pipeline.php(171): Barryvdh\\Debugbar\\Middleware\\InjectDebugbar->handle(Object(Illuminate\\Http\\Request), Object(Closure))
#31 /Users/florent/Dev/plantes-addict/webapp/development/v0.8-latest/vendor/fideloper/proxy/src/TrustProxies.php(57): Illuminate\\Pipeline\\Pipeline->Illuminate\\Pipeline\\{closure}(Object(Illuminate\\Http\\Request))
#32 /Users/florent/Dev/plantes-addict/webapp/development/v0.8-latest/vendor/laravel/framework/src/Illuminate/Pipeline/Pipeline.php(171): Fideloper\\Proxy\\TrustProxies->handle(Object(Illuminate\\Http\\Request), Object(Closure))
#33 /Users/florent/Dev/plantes-addict/webapp/development/v0.8-latest/vendor/laravel/framework/src/Illuminate/Foundation/Http/Middleware/TransformsRequest.php(21): Illuminate\\Pipeline\\Pipeline->Illuminate\\Pipeline\\{closure}(Object(Illuminate\\Http\\Request))
#34 /Users/florent/Dev/plantes-addict/webapp/development/v0.8-latest/vendor/laravel/framework/src/Illuminate/Pipeline/Pipeline.php(171): Illuminate\\Foundation\\Http\\Middleware\\TransformsRequest->handle(Object(Illuminate\\Http\\Request), Object(Closure))
#35 /Users/florent/Dev/plantes-addict/webapp/development/v0.8-latest/vendor/laravel/framework/src/Illuminate/Foundation/Http/Middleware/TransformsRequest.php(21): Illuminate\\Pipeline\\Pipeline->Illuminate\\Pipeline\\{closure}(Object(Illuminate\\Http\\Request))
#36 /Users/florent/Dev/plantes-addict/webapp/development/v0.8-latest/vendor/laravel/framework/src/Illuminate/Pipeline/Pipeline.php(171): Illuminate\\Foundation\\Http\\Middleware\\TransformsRequest->handle(Object(Illuminate\\Http\\Request), Object(Closure))
#37 /Users/florent/Dev/plantes-addict/webapp/development/v0.8-latest/vendor/laravel/framework/src/Illuminate/Foundation/Http/Middleware/ValidatePostSize.php(27): Illuminate\\Pipeline\\Pipeline->Illuminate\\Pipeline\\{closure}(Object(Illuminate\\Http\\Request))
#38 /Users/florent/Dev/plantes-addict/webapp/development/v0.8-latest/vendor/laravel/framework/src/Illuminate/Pipeline/Pipeline.php(171): Illuminate\\Foundation\\Http\\Middleware\\ValidatePostSize->handle(Object(Illuminate\\Http\\Request), Object(Closure))
#39 /Users/florent/Dev/plantes-addict/webapp/development/v0.8-latest/vendor/laravel/framework/src/Illuminate/Foundation/Http/Middleware/CheckForMaintenanceMode.php(62): Illuminate\\Pipeline\\Pipeline->Illuminate\\Pipeline\\{closure}(Object(Illuminate\\Http\\Request))
#40 /Users/florent/Dev/plantes-addict/webapp/development/v0.8-latest/vendor/laravel/framework/src/Illuminate/Pipeline/Pipeline.php(171): Illuminate\\Foundation\\Http\\Middleware\\CheckForMaintenanceMode->handle(Object(Illuminate\\Http\\Request), Object(Closure))
#41 /Users/florent/Dev/plantes-addict/webapp/development/v0.8-latest/vendor/laravel/framework/src/Illuminate/Pipeline/Pipeline.php(105): Illuminate\\Pipeline\\Pipeline->Illuminate\\Pipeline\\{closure}(Object(Illuminate\\Http\\Request))
#42 /Users/florent/Dev/plantes-addict/webapp/development/v0.8-latest/vendor/laravel/framework/src/Illuminate/Foundation/Http/Kernel.php(151): Illuminate\\Pipeline\\Pipeline->then(Object(Closure))
#43 /Users/florent/Dev/plantes-addict/webapp/development/v0.8-latest/vendor/laravel/framework/src/Illuminate/Foundation/Http/Kernel.php(116): Illuminate\\Foundation\\Http\\Kernel->sendRequestThroughRouter(Object(Illuminate\\Http\\Request))
#44 /Users/florent/Dev/plantes-addict/webapp/development/v0.8-latest/public/index.php(52): Illuminate\\Foundation\\Http\\Kernel->handle(Object(Illuminate\\Http\\Request))
#45 /Users/florent/Dev/plantes-addict/webapp/development/v0.8-latest/server.php(19): require_once('/Users/florent/...')
#46 {main}
"} 
[2020-01-21 20:41:12] local.ERROR: Object of class Gloudemans\Shoppingcart\Cart could not be converted to string {"userId":1,"exception":"[object] (ErrorException(code: 0): Object of class Gloudemans\\Shoppingcart\\Cart could not be converted to string at /Users/florent/Dev/plantes-addict/webapp/development/v0.8-latest/vendor/laravel/framework/src/Illuminate/Support/Str.php:394)
[stacktrace]
#0 /Users/florent/Dev/plantes-addict/webapp/development/v0.8-latest/vendor/laravel/framework/src/Illuminate/Support/Str.php(394): Illuminate\\Foundation\\Bootstrap\\HandleExceptions->handleError(4096, 'Object of class...', '/Users/florent/...', 394, Array)
#1 /Users/florent/Dev/plantes-addict/webapp/development/v0.8-latest/vendor/laravel/framework/src/Illuminate/Database/QueryException.php(56): Illuminate\\Support\\Str::replaceArray('?', Array, 'select * from `...')
#2 /Users/florent/Dev/plantes-addict/webapp/development/v0.8-latest/vendor/laravel/framework/src/Illuminate/Database/QueryException.php(39): Illuminate\\Database\\QueryException->formatMessage('select * from `...', Array, Object(ErrorException))
#3 /Users/florent/Dev/plantes-addict/webapp/development/v0.8-latest/vendor/laravel/framework/src/Illuminate/Database/Connection.php(666): Illuminate\\Database\\QueryException->__construct('select * from `...', Array, Object(ErrorException))
#4 /Users/florent/Dev/plantes-addict/webapp/development/v0.8-latest/vendor/laravel/framework/src/Illuminate/Database/Connection.php(625): Illuminate\\Database\\Connection->runQueryCallback('select * from `...', Array, Object(Closure))
#5 /Users/florent/Dev/plantes-addict/webapp/development/v0.8-latest/vendor/laravel/framework/src/Illuminate/Database/Connection.php(334): Illuminate\\Database\\Connection->run('select * from `...', Array, Object(Closure))
#6 /Users/florent/Dev/plantes-addict/webapp/development/v0.8-latest/vendor/laravel/framework/src/Illuminate/Database/Query/Builder.php(2130): Illuminate\\Database\\Connection->select('select * from `...', Array, true)
#7 /Users/florent/Dev/plantes-addict/webapp/development/v0.8-latest/vendor/laravel/framework/src/Illuminate/Database/Query/Builder.php(2118): Illuminate\\Database\\Query\\Builder->runSelect()
#8 /Users/florent/Dev/plantes-addict/webapp/development/v0.8-latest/vendor/laravel/framework/src/Illuminate/Database/Query/Builder.php(2584): Illuminate\\Database\\Query\\Builder->Illuminate\\Database\\Query\\{closure}()
#9 /Users/florent/Dev/plantes-addict/webapp/development/v0.8-latest/vendor/laravel/framework/src/Illuminate/Database/Query/Builder.php(2119): Illuminate\\Database\\Query\\Builder->onceWithColumns(Array, Object(Closure))
#10 /Users/florent/Dev/plantes-addict/webapp/development/v0.8-latest/vendor/laravel/framework/src/Illuminate/Database/Eloquent/Builder.php(521): Illuminate\\Database\\Query\\Builder->get(Array)
#11 /Users/florent/Dev/plantes-addict/webapp/development/v0.8-latest/vendor/laravel/framework/src/Illuminate/Database/Eloquent/Builder.php(505): Illuminate\\Database\\Eloquent\\Builder->getModels(Array)
#12 /Users/florent/Dev/plantes-addict/webapp/development/v0.8-latest/vendor/laravel/framework/src/Illuminate/Database/Concerns/BuildsQueries.php(143): Illuminate\\Database\\Eloquent\\Builder->get(Array)
#13 /Users/florent/Dev/plantes-addict/webapp/development/v0.8-latest/app/Http/Controllers/Front/CartController.php(82): Illuminate\\Database\\Eloquent\\Builder->first()
#14 [internal function]: App\\Http\\Controllers\\Front\\CartController->show(Object(Gloudemans\\Shoppingcart\\Cart), Object(Illuminate\\Http\\Request))
#15 /Users/florent/Dev/plantes-addict/webapp/development/v0.8-latest/vendor/laravel/framework/src/Illuminate/Routing/Controller.php(54): call_user_func_array(Array, Array)
#16 /Users/florent/Dev/plantes-addict/webapp/development/v0.8-latest/vendor/laravel/framework/src/Illuminate/Routing/ControllerDispatcher.php(45): Illuminate\\Routing\\Controller->callAction('show', Array)
#17 /Users/florent/Dev/plantes-addict/webapp/development/v0.8-latest/vendor/laravel/framework/src/Illuminate/Routing/Route.php(219): Illuminate\\Routing\\ControllerDispatcher->dispatch(Object(Illuminate\\Routing\\Route), Object(App\\Http\\Controllers\\Front\\CartController), 'show')
#18 /Users/florent/Dev/plantes-addict/webapp/development/v0.8-latest/vendor/laravel/framework/src/Illuminate/Routing/Route.php(176): Illuminate\\Routing\\Route->runController()
#19 /Users/florent/Dev/plantes-addict/webapp/development/v0.8-latest/vendor/laravel/framework/src/Illuminate/Routing/Router.php(680): Illuminate\\Routing\\Route->run()
#20 /Users/florent/Dev/plantes-addict/webapp/development/v0.8-latest/vendor/laravel/framework/src/Illuminate/Pipeline/Pipeline.php(130): Illuminate\\Routing\\Router->Illuminate\\Routing\\{closure}(Object(Illuminate\\Http\\Request))
#21 /Users/florent/Dev/plantes-addict/webapp/development/v0.8-latest/vendor/jeremykenedy/laravel-blocker/src/App/Http/Middleware/LaravelBlocker.php(27): Illuminate\\Pipeline\\Pipeline->Illuminate\\Pipeline\\{closure}(Object(Illuminate\\Http\\Request))
#22 /Users/florent/Dev/plantes-addict/webapp/development/v0.8-latest/vendor/laravel/framework/src/Illuminate/Pipeline/Pipeline.php(171): jeremykenedy\\LaravelBlocker\\App\\Http\\Middleware\\LaravelBlocker->handle(Object(Illuminate\\Http\\Request), Object(Closure))
#23 /Users/florent/Dev/plantes-addict/webapp/development/v0.8-latest/vendor/laravel/framework/src/Illuminate/Routing/Middleware/SubstituteBindings.php(41): Illuminate\\Pipeline\\Pipeline->Illuminate\\Pipeline\\{closure}(Object(Illuminate\\Http\\Request))
#24 /Users/florent/Dev/plantes-addict/webapp/development/v0.8-latest/vendor/laravel/framework/src/Illuminate/Pipeline/Pipeline.php(171): Illuminate\\Routing\\Middleware\\SubstituteBindings->handle(Object(Illuminate\\Http\\Request), Object(Closure))
#25 /Users/florent/Dev/plantes-addict/webapp/development/v0.8-latest/vendor/laravel/framework/src/Illuminate/Foundation/Http/Middleware/VerifyCsrfToken.php(76): Illuminate\\Pipeline\\Pipeline->Illuminate\\Pipeline\\{closure}(Object(Illuminate\\Http\\Request))
#26 /Users/florent/Dev/plantes-addict/webapp/development/v0.8-latest/vendor/laravel/framework/src/Illuminate/Pipeline/Pipeline.php(171): Illuminate\\Foundation\\Http\\Middleware\\VerifyCsrfToken->handle(Object(Illuminate\\Http\\Request), Object(Closure))
#27 /Users/florent/Dev/plantes-addict/webapp/development/v0.8-latest/vendor/laravel/framework/src/Illuminate/View/Middleware/ShareErrorsFromSession.php(49): Illuminate\\Pipeline\\Pipeline->Illuminate\\Pipeline\\{closure}(Object(Illuminate\\Http\\Request))
#28 /Users/florent/Dev/plantes-addict/webapp/development/v0.8-latest/vendor/laravel/framework/src/Illuminate/Pipeline/Pipeline.php(171): Illuminate\\View\\Middleware\\ShareErrorsFromSession->handle(Object(Illuminate\\Http\\Request), Object(Closure))
#29 /Users/florent/Dev/plantes-addict/webapp/development/v0.8-latest/vendor/laravel/framework/src/Illuminate/Session/Middleware/StartSession.php(56): Illuminate\\Pipeline\\Pipeline->Illuminate\\Pipeline\\{closure}(Object(Illuminate\\Http\\Request))
#30 /Users/florent/Dev/plantes-addict/webapp/development/v0.8-latest/vendor/laravel/framework/src/Illuminate/Pipeline/Pipeline.php(171): Illuminate\\Session\\Middleware\\StartSession->handle(Object(Illuminate\\Http\\Request), Object(Closure))
#31 /Users/florent/Dev/plantes-addict/webapp/development/v0.8-latest/vendor/laravel/framework/src/Illuminate/Cookie/Middleware/AddQueuedCookiesToResponse.php(37): Illuminate\\Pipeline\\Pipeline->Illuminate\\Pipeline\\{closure}(Object(Illuminate\\Http\\Request))
#32 /Users/florent/Dev/plantes-addict/webapp/development/v0.8-latest/vendor/laravel/framework/src/Illuminate/Pipeline/Pipeline.php(171): Illuminate\\Cookie\\Middleware\\AddQueuedCookiesToResponse->handle(Object(Illuminate\\Http\\Request), Object(Closure))
#33 /Users/florent/Dev/plantes-addict/webapp/development/v0.8-latest/vendor/laravel/framework/src/Illuminate/Cookie/Middleware/EncryptCookies.php(66): Illuminate\\Pipeline\\Pipeline->Illuminate\\Pipeline\\{closure}(Object(Illuminate\\Http\\Request))
#34 /Users/florent/Dev/plantes-addict/webapp/development/v0.8-latest/vendor/laravel/framework/src/Illuminate/Pipeline/Pipeline.php(171): Illuminate\\Cookie\\Middleware\\EncryptCookies->handle(Object(Illuminate\\Http\\Request), Object(Closure))
#35 /Users/florent/Dev/plantes-addict/webapp/development/v0.8-latest/vendor/laravel/framework/src/Illuminate/Pipeline/Pipeline.php(105): Illuminate\\Pipeline\\Pipeline->Illuminate\\Pipeline\\{closure}(Object(Illuminate\\Http\\Request))
#36 /Users/florent/Dev/plantes-addict/webapp/development/v0.8-latest/vendor/laravel/framework/src/Illuminate/Routing/Router.php(682): Illuminate\\Pipeline\\Pipeline->then(Object(Closure))
#37 /Users/florent/Dev/plantes-addict/webapp/development/v0.8-latest/vendor/laravel/framework/src/Illuminate/Routing/Router.php(657): Illuminate\\Routing\\Router->runRouteWithinStack(Object(Illuminate\\Routing\\Route), Object(Illuminate\\Http\\Request))
#38 /Users/florent/Dev/plantes-addict/webapp/development/v0.8-latest/vendor/laravel/framework/src/Illuminate/Routing/Router.php(623): Illuminate\\Routing\\Router->runRoute(Object(Illuminate\\Http\\Request), Object(Illuminate\\Routing\\Route))
#39 /Users/florent/Dev/plantes-addict/webapp/development/v0.8-latest/vendor/laravel/framework/src/Illuminate/Routing/Router.php(612): Illuminate\\Routing\\Router->dispatchToRoute(Object(Illuminate\\Http\\Request))
#40 /Users/florent/Dev/plantes-addict/webapp/development/v0.8-latest/vendor/laravel/framework/src/Illuminate/Foundation/Http/Kernel.php(176): Illuminate\\Routing\\Router->dispatch(Object(Illuminate\\Http\\Request))
#41 /Users/florent/Dev/plantes-addict/webapp/development/v0.8-latest/vendor/laravel/framework/src/Illuminate/Pipeline/Pipeline.php(130): Illuminate\\Foundation\\Http\\Kernel->Illuminate\\Foundation\\Http\\{closure}(Object(Illuminate\\Http\\Request))
#42 /Users/florent/Dev/plantes-addict/webapp/development/v0.8-latest/vendor/barryvdh/laravel-debugbar/src/Middleware/InjectDebugbar.php(65): Illuminate\\Pipeline\\Pipeline->Illuminate\\Pipeline\\{closure}(Object(Illuminate\\Http\\Request))
#43 /Users/florent/Dev/plantes-addict/webapp/development/v0.8-latest/vendor/laravel/framework/src/Illuminate/Pipeline/Pipeline.php(171): Barryvdh\\Debugbar\\Middleware\\InjectDebugbar->handle(Object(Illuminate\\Http\\Request), Object(Closure))
#44 /Users/florent/Dev/plantes-addict/webapp/development/v0.8-latest/vendor/fideloper/proxy/src/TrustProxies.php(57): Illuminate\\Pipeline\\Pipeline->Illuminate\\Pipeline\\{closure}(Object(Illuminate\\Http\\Request))
#45 /Users/florent/Dev/plantes-addict/webapp/development/v0.8-latest/vendor/laravel/framework/src/Illuminate/Pipeline/Pipeline.php(171): Fideloper\\Proxy\\TrustProxies->handle(Object(Illuminate\\Http\\Request), Object(Closure))
#46 /Users/florent/Dev/plantes-addict/webapp/development/v0.8-latest/vendor/laravel/framework/src/Illuminate/Foundation/Http/Middleware/TransformsRequest.php(21): Illuminate\\Pipeline\\Pipeline->Illuminate\\Pipeline\\{closure}(Object(Illuminate\\Http\\Request))
#47 /Users/florent/Dev/plantes-addict/webapp/development/v0.8-latest/vendor/laravel/framework/src/Illuminate/Pipeline/Pipeline.php(171): Illuminate\\Foundation\\Http\\Middleware\\TransformsRequest->handle(Object(Illuminate\\Http\\Request), Object(Closure))
#48 /Users/florent/Dev/plantes-addict/webapp/development/v0.8-latest/vendor/laravel/framework/src/Illuminate/Foundation/Http/Middleware/TransformsRequest.php(21): Illuminate\\Pipeline\\Pipeline->Illuminate\\Pipeline\\{closure}(Object(Illuminate\\Http\\Request))
#49 /Users/florent/Dev/plantes-addict/webapp/development/v0.8-latest/vendor/laravel/framework/src/Illuminate/Pipeline/Pipeline.php(171): Illuminate\\Foundation\\Http\\Middleware\\TransformsRequest->handle(Object(Illuminate\\Http\\Request), Object(Closure))
#50 /Users/florent/Dev/plantes-addict/webapp/development/v0.8-latest/vendor/laravel/framework/src/Illuminate/Foundation/Http/Middleware/ValidatePostSize.php(27): Illuminate\\Pipeline\\Pipeline->Illuminate\\Pipeline\\{closure}(Object(Illuminate\\Http\\Request))
#51 /Users/florent/Dev/plantes-addict/webapp/development/v0.8-latest/vendor/laravel/framework/src/Illuminate/Pipeline/Pipeline.php(171): Illuminate\\Foundation\\Http\\Middleware\\ValidatePostSize->handle(Object(Illuminate\\Http\\Request), Object(Closure))
#52 /Users/florent/Dev/plantes-addict/webapp/development/v0.8-latest/vendor/laravel/framework/src/Illuminate/Foundation/Http/Middleware/CheckForMaintenanceMode.php(62): Illuminate\\Pipeline\\Pipeline->Illuminate\\Pipeline\\{closure}(Object(Illuminate\\Http\\Request))
#53 /Users/florent/Dev/plantes-addict/webapp/development/v0.8-latest/vendor/laravel/framework/src/Illuminate/Pipeline/Pipeline.php(171): Illuminate\\Foundation\\Http\\Middleware\\CheckForMaintenanceMode->handle(Object(Illuminate\\Http\\Request), Object(Closure))
#54 /Users/florent/Dev/plantes-addict/webapp/development/v0.8-latest/vendor/laravel/framework/src/Illuminate/Pipeline/Pipeline.php(105): Illuminate\\Pipeline\\Pipeline->Illuminate\\Pipeline\\{closure}(Object(Illuminate\\Http\\Request))
#55 /Users/florent/Dev/plantes-addict/webapp/development/v0.8-latest/vendor/laravel/framework/src/Illuminate/Foundation/Http/Kernel.php(151): Illuminate\\Pipeline\\Pipeline->then(Object(Closure))
#56 /Users/florent/Dev/plantes-addict/webapp/development/v0.8-latest/vendor/laravel/framework/src/Illuminate/Foundation/Http/Kernel.php(116): Illuminate\\Foundation\\Http\\Kernel->sendRequestThroughRouter(Object(Illuminate\\Http\\Request))
#57 /Users/florent/Dev/plantes-addict/webapp/development/v0.8-latest/public/index.php(52): Illuminate\\Foundation\\Http\\Kernel->handle(Object(Illuminate\\Http\\Request))
#58 /Users/florent/Dev/plantes-addict/webapp/development/v0.8-latest/server.php(19): require_once('/Users/florent/...')
#59 {main}
"} 
[2020-01-21 21:27:15] local.ERROR: Undefined variable: select (View: /Users/florent/Dev/plantes-addict/webapp/development/v0.8-latest/resources/views/boites/show.blade.php) {"userId":1,"exception":"[object] (Facade\\Ignition\\Exceptions\\ViewException(code: 0): Undefined variable: select (View: /Users/florent/Dev/plantes-addict/webapp/development/v0.8-latest/resources/views/boites/show.blade.php) at /Users/florent/Dev/plantes-addict/webapp/development/v0.8-latest/resources/views/boites/show.blade.php:317)
[stacktrace]
#0 /Users/florent/Dev/plantes-addict/webapp/development/v0.8-latest/resources/views/boites/show.blade.php(317): Illuminate\\Foundation\\Bootstrap\\HandleExceptions->handleError(8, 'Undefined varia...', '/Users/florent/...', 317, Array)
#1 /Users/florent/Dev/plantes-addict/webapp/development/v0.8-latest/vendor/laravel/framework/src/Illuminate/View/Engines/PhpEngine.php(43): include('/Users/florent/...')
#2 /Users/florent/Dev/plantes-addict/webapp/development/v0.8-latest/vendor/laravel/framework/src/Illuminate/View/Engines/CompilerEngine.php(59): Illuminate\\View\\Engines\\PhpEngine->evaluatePath('/Users/florent/...', Array)
#3 /Users/florent/Dev/plantes-addict/webapp/development/v0.8-latest/vendor/facade/ignition/src/Views/Engines/CompilerEngine.php(36): Illuminate\\View\\Engines\\CompilerEngine->get('/Users/florent/...', Array)
#4 /Users/florent/Dev/plantes-addict/webapp/development/v0.8-latest/vendor/laravel/framework/src/Illuminate/View/View.php(143): Facade\\Ignition\\Views\\Engines\\CompilerEngine->get('/Users/florent/...', Array)
#5 /Users/florent/Dev/plantes-addict/webapp/development/v0.8-latest/vendor/laravel/framework/src/Illuminate/View/View.php(126): Illuminate\\View\\View->getContents()
#6 /Users/florent/Dev/plantes-addict/webapp/development/v0.8-latest/vendor/laravel/framework/src/Illuminate/View/View.php(91): Illuminate\\View\\View->renderContents()
#7 /Users/florent/Dev/plantes-addict/webapp/development/v0.8-latest/vendor/laravel/framework/src/Illuminate/Http/Response.php(42): Illuminate\\View\\View->render()
#8 /Users/florent/Dev/plantes-addict/webapp/development/v0.8-latest/vendor/symfony/http-foundation/Response.php(202): Illuminate\\Http\\Response->setContent(Object(Illuminate\\View\\View))
#9 /Users/florent/Dev/plantes-addict/webapp/development/v0.8-latest/vendor/laravel/framework/src/Illuminate/Routing/Router.php(748): Symfony\\Component\\HttpFoundation\\Response->__construct(Object(Illuminate\\View\\View))
#10 /Users/florent/Dev/plantes-addict/webapp/development/v0.8-latest/vendor/laravel/framework/src/Illuminate/Routing/Router.php(720): Illuminate\\Routing\\Router::toResponse(Object(Illuminate\\Http\\Request), Object(Illuminate\\View\\View))
#11 /Users/florent/Dev/plantes-addict/webapp/development/v0.8-latest/vendor/laravel/framework/src/Illuminate/Routing/Router.php(680): Illuminate\\Routing\\Router->prepareResponse(Object(Illuminate\\Http\\Request), Object(Illuminate\\View\\View))
#12 /Users/florent/Dev/plantes-addict/webapp/development/v0.8-latest/vendor/laravel/framework/src/Illuminate/Pipeline/Pipeline.php(130): Illuminate\\Routing\\Router->Illuminate\\Routing\\{closure}(Object(Illuminate\\Http\\Request))
#13 /Users/florent/Dev/plantes-addict/webapp/development/v0.8-latest/vendor/jeremykenedy/laravel-blocker/src/App/Http/Middleware/LaravelBlocker.php(27): Illuminate\\Pipeline\\Pipeline->Illuminate\\Pipeline\\{closure}(Object(Illuminate\\Http\\Request))
#14 /Users/florent/Dev/plantes-addict/webapp/development/v0.8-latest/vendor/laravel/framework/src/Illuminate/Pipeline/Pipeline.php(171): jeremykenedy\\LaravelBlocker\\App\\Http\\Middleware\\LaravelBlocker->handle(Object(Illuminate\\Http\\Request), Object(Closure))
#15 /Users/florent/Dev/plantes-addict/webapp/development/v0.8-latest/vendor/laravel/framework/src/Illuminate/Routing/Middleware/SubstituteBindings.php(41): Illuminate\\Pipeline\\Pipeline->Illuminate\\Pipeline\\{closure}(Object(Illuminate\\Http\\Request))
#16 /Users/florent/Dev/plantes-addict/webapp/development/v0.8-latest/vendor/laravel/framework/src/Illuminate/Pipeline/Pipeline.php(171): Illuminate\\Routing\\Middleware\\SubstituteBindings->handle(Object(Illuminate\\Http\\Request), Object(Closure))
#17 /Users/florent/Dev/plantes-addict/webapp/development/v0.8-latest/vendor/laravel/framework/src/Illuminate/Foundation/Http/Middleware/VerifyCsrfToken.php(76): Illuminate\\Pipeline\\Pipeline->Illuminate\\Pipeline\\{closure}(Object(Illuminate\\Http\\Request))
#18 /Users/florent/Dev/plantes-addict/webapp/development/v0.8-latest/vendor/laravel/framework/src/Illuminate/Pipeline/Pipeline.php(171): Illuminate\\Foundation\\Http\\Middleware\\VerifyCsrfToken->handle(Object(Illuminate\\Http\\Request), Object(Closure))
#19 /Users/florent/Dev/plantes-addict/webapp/development/v0.8-latest/vendor/laravel/framework/src/Illuminate/View/Middleware/ShareErrorsFromSession.php(49): Illuminate\\Pipeline\\Pipeline->Illuminate\\Pipeline\\{closure}(Object(Illuminate\\Http\\Request))
#20 /Users/florent/Dev/plantes-addict/webapp/development/v0.8-latest/vendor/laravel/framework/src/Illuminate/Pipeline/Pipeline.php(171): Illuminate\\View\\Middleware\\ShareErrorsFromSession->handle(Object(Illuminate\\Http\\Request), Object(Closure))
#21 /Users/florent/Dev/plantes-addict/webapp/development/v0.8-latest/vendor/laravel/framework/src/Illuminate/Session/Middleware/StartSession.php(56): Illuminate\\Pipeline\\Pipeline->Illuminate\\Pipeline\\{closure}(Object(Illuminate\\Http\\Request))
#22 /Users/florent/Dev/plantes-addict/webapp/development/v0.8-latest/vendor/laravel/framework/src/Illuminate/Pipeline/Pipeline.php(171): Illuminate\\Session\\Middleware\\StartSession->handle(Object(Illuminate\\Http\\Request), Object(Closure))
#23 /Users/florent/Dev/plantes-addict/webapp/development/v0.8-latest/vendor/laravel/framework/src/Illuminate/Cookie/Middleware/AddQueuedCookiesToResponse.php(37): Illuminate\\Pipeline\\Pipeline->Illuminate\\Pipeline\\{closure}(Object(Illuminate\\Http\\Request))
#24 /Users/florent/Dev/plantes-addict/webapp/development/v0.8-latest/vendor/laravel/framework/src/Illuminate/Pipeline/Pipeline.php(171): Illuminate\\Cookie\\Middleware\\AddQueuedCookiesToResponse->handle(Object(Illuminate\\Http\\Request), Object(Closure))
#25 /Users/florent/Dev/plantes-addict/webapp/development/v0.8-latest/vendor/laravel/framework/src/Illuminate/Cookie/Middleware/EncryptCookies.php(66): Illuminate\\Pipeline\\Pipeline->Illuminate\\Pipeline\\{closure}(Object(Illuminate\\Http\\Request))
#26 /Users/florent/Dev/plantes-addict/webapp/development/v0.8-latest/vendor/laravel/framework/src/Illuminate/Pipeline/Pipeline.php(171): Illuminate\\Cookie\\Middleware\\EncryptCookies->handle(Object(Illuminate\\Http\\Request), Object(Closure))
#27 /Users/florent/Dev/plantes-addict/webapp/development/v0.8-latest/vendor/laravel/framework/src/Illuminate/Pipeline/Pipeline.php(105): Illuminate\\Pipeline\\Pipeline->Illuminate\\Pipeline\\{closure}(Object(Illuminate\\Http\\Request))
#28 /Users/florent/Dev/plantes-addict/webapp/development/v0.8-latest/vendor/laravel/framework/src/Illuminate/Routing/Router.php(682): Illuminate\\Pipeline\\Pipeline->then(Object(Closure))
#29 /Users/florent/Dev/plantes-addict/webapp/development/v0.8-latest/vendor/laravel/framework/src/Illuminate/Routing/Router.php(657): Illuminate\\Routing\\Router->runRouteWithinStack(Object(Illuminate\\Routing\\Route), Object(Illuminate\\Http\\Request))
#30 /Users/florent/Dev/plantes-addict/webapp/development/v0.8-latest/vendor/laravel/framework/src/Illuminate/Routing/Router.php(623): Illuminate\\Routing\\Router->runRoute(Object(Illuminate\\Http\\Request), Object(Illuminate\\Routing\\Route))
#31 /Users/florent/Dev/plantes-addict/webapp/development/v0.8-latest/vendor/laravel/framework/src/Illuminate/Routing/Router.php(612): Illuminate\\Routing\\Router->dispatchToRoute(Object(Illuminate\\Http\\Request))
#32 /Users/florent/Dev/plantes-addict/webapp/development/v0.8-latest/vendor/laravel/framework/src/Illuminate/Foundation/Http/Kernel.php(176): Illuminate\\Routing\\Router->dispatch(Object(Illuminate\\Http\\Request))
#33 /Users/florent/Dev/plantes-addict/webapp/development/v0.8-latest/vendor/laravel/framework/src/Illuminate/Pipeline/Pipeline.php(130): Illuminate\\Foundation\\Http\\Kernel->Illuminate\\Foundation\\Http\\{closure}(Object(Illuminate\\Http\\Request))
#34 /Users/florent/Dev/plantes-addict/webapp/development/v0.8-latest/vendor/barryvdh/laravel-debugbar/src/Middleware/InjectDebugbar.php(65): Illuminate\\Pipeline\\Pipeline->Illuminate\\Pipeline\\{closure}(Object(Illuminate\\Http\\Request))
#35 /Users/florent/Dev/plantes-addict/webapp/development/v0.8-latest/vendor/laravel/framework/src/Illuminate/Pipeline/Pipeline.php(171): Barryvdh\\Debugbar\\Middleware\\InjectDebugbar->handle(Object(Illuminate\\Http\\Request), Object(Closure))
#36 /Users/florent/Dev/plantes-addict/webapp/development/v0.8-latest/vendor/fideloper/proxy/src/TrustProxies.php(57): Illuminate\\Pipeline\\Pipeline->Illuminate\\Pipeline\\{closure}(Object(Illuminate\\Http\\Request))
#37 /Users/florent/Dev/plantes-addict/webapp/development/v0.8-latest/vendor/laravel/framework/src/Illuminate/Pipeline/Pipeline.php(171): Fideloper\\Proxy\\TrustProxies->handle(Object(Illuminate\\Http\\Request), Object(Closure))
#38 /Users/florent/Dev/plantes-addict/webapp/development/v0.8-latest/vendor/laravel/framework/src/Illuminate/Foundation/Http/Middleware/TransformsRequest.php(21): Illuminate\\Pipeline\\Pipeline->Illuminate\\Pipeline\\{closure}(Object(Illuminate\\Http\\Request))
#39 /Users/florent/Dev/plantes-addict/webapp/development/v0.8-latest/vendor/laravel/framework/src/Illuminate/Pipeline/Pipeline.php(171): Illuminate\\Foundation\\Http\\Middleware\\TransformsRequest->handle(Object(Illuminate\\Http\\Request), Object(Closure))
#40 /Users/florent/Dev/plantes-addict/webapp/development/v0.8-latest/vendor/laravel/framework/src/Illuminate/Foundation/Http/Middleware/TransformsRequest.php(21): Illuminate\\Pipeline\\Pipeline->Illuminate\\Pipeline\\{closure}(Object(Illuminate\\Http\\Request))
#41 /Users/florent/Dev/plantes-addict/webapp/development/v0.8-latest/vendor/laravel/framework/src/Illuminate/Pipeline/Pipeline.php(171): Illuminate\\Foundation\\Http\\Middleware\\TransformsRequest->handle(Object(Illuminate\\Http\\Request), Object(Closure))
#42 /Users/florent/Dev/plantes-addict/webapp/development/v0.8-latest/vendor/laravel/framework/src/Illuminate/Foundation/Http/Middleware/ValidatePostSize.php(27): Illuminate\\Pipeline\\Pipeline->Illuminate\\Pipeline\\{closure}(Object(Illuminate\\Http\\Request))
#43 /Users/florent/Dev/plantes-addict/webapp/development/v0.8-latest/vendor/laravel/framework/src/Illuminate/Pipeline/Pipeline.php(171): Illuminate\\Foundation\\Http\\Middleware\\ValidatePostSize->handle(Object(Illuminate\\Http\\Request), Object(Closure))
#44 /Users/florent/Dev/plantes-addict/webapp/development/v0.8-latest/vendor/laravel/framework/src/Illuminate/Foundation/Http/Middleware/CheckForMaintenanceMode.php(62): Illuminate\\Pipeline\\Pipeline->Illuminate\\Pipeline\\{closure}(Object(Illuminate\\Http\\Request))
#45 /Users/florent/Dev/plantes-addict/webapp/development/v0.8-latest/vendor/laravel/framework/src/Illuminate/Pipeline/Pipeline.php(171): Illuminate\\Foundation\\Http\\Middleware\\CheckForMaintenanceMode->handle(Object(Illuminate\\Http\\Request), Object(Closure))
#46 /Users/florent/Dev/plantes-addict/webapp/development/v0.8-latest/vendor/laravel/framework/src/Illuminate/Pipeline/Pipeline.php(105): Illuminate\\Pipeline\\Pipeline->Illuminate\\Pipeline\\{closure}(Object(Illuminate\\Http\\Request))
#47 /Users/florent/Dev/plantes-addict/webapp/development/v0.8-latest/vendor/laravel/framework/src/Illuminate/Foundation/Http/Kernel.php(151): Illuminate\\Pipeline\\Pipeline->then(Object(Closure))
#48 /Users/florent/Dev/plantes-addict/webapp/development/v0.8-latest/vendor/laravel/framework/src/Illuminate/Foundation/Http/Kernel.php(116): Illuminate\\Foundation\\Http\\Kernel->sendRequestThroughRouter(Object(Illuminate\\Http\\Request))
#49 /Users/florent/Dev/plantes-addict/webapp/development/v0.8-latest/public/index.php(52): Illuminate\\Foundation\\Http\\Kernel->handle(Object(Illuminate\\Http\\Request))
#50 /Users/florent/Dev/plantes-addict/webapp/development/v0.8-latest/server.php(19): require_once('/Users/florent/...')
#51 {main}

[previous exception] [object] (ErrorException(code: 0): Undefined variable: select at /Users/florent/Dev/plantes-addict/webapp/development/v0.8-latest/storage/framework/views/c8e19a82ff23b5256abcfccee37d1a9c525dedd1.php:317)
[stacktrace]
#0 /Users/florent/Dev/plantes-addict/webapp/development/v0.8-latest/storage/framework/views/c8e19a82ff23b5256abcfccee37d1a9c525dedd1.php(317): Illuminate\\Foundation\\Bootstrap\\HandleExceptions->handleError(8, 'Undefined varia...', '/Users/florent/...', 317, Array)
#1 /Users/florent/Dev/plantes-addict/webapp/development/v0.8-latest/vendor/laravel/framework/src/Illuminate/View/Engines/PhpEngine.php(43): include('/Users/florent/...')
#2 /Users/florent/Dev/plantes-addict/webapp/development/v0.8-latest/vendor/laravel/framework/src/Illuminate/View/Engines/CompilerEngine.php(59): Illuminate\\View\\Engines\\PhpEngine->evaluatePath('/Users/florent/...', Array)
#3 /Users/florent/Dev/plantes-addict/webapp/development/v0.8-latest/vendor/facade/ignition/src/Views/Engines/CompilerEngine.php(36): Illuminate\\View\\Engines\\CompilerEngine->get('/Users/florent/...', Array)
#4 /Users/florent/Dev/plantes-addict/webapp/development/v0.8-latest/vendor/laravel/framework/src/Illuminate/View/View.php(143): Facade\\Ignition\\Views\\Engines\\CompilerEngine->get('/Users/florent/...', Array)
#5 /Users/florent/Dev/plantes-addict/webapp/development/v0.8-latest/vendor/laravel/framework/src/Illuminate/View/View.php(126): Illuminate\\View\\View->getContents()
#6 /Users/florent/Dev/plantes-addict/webapp/development/v0.8-latest/vendor/laravel/framework/src/Illuminate/View/View.php(91): Illuminate\\View\\View->renderContents()
#7 /Users/florent/Dev/plantes-addict/webapp/development/v0.8-latest/vendor/laravel/framework/src/Illuminate/Http/Response.php(42): Illuminate\\View\\View->render()
#8 /Users/florent/Dev/plantes-addict/webapp/development/v0.8-latest/vendor/symfony/http-foundation/Response.php(202): Illuminate\\Http\\Response->setContent(Object(Illuminate\\View\\View))
#9 /Users/florent/Dev/plantes-addict/webapp/development/v0.8-latest/vendor/laravel/framework/src/Illuminate/Routing/Router.php(748): Symfony\\Component\\HttpFoundation\\Response->__construct(Object(Illuminate\\View\\View))
#10 /Users/florent/Dev/plantes-addict/webapp/development/v0.8-latest/vendor/laravel/framework/src/Illuminate/Routing/Router.php(720): Illuminate\\Routing\\Router::toResponse(Object(Illuminate\\Http\\Request), Object(Illuminate\\View\\View))
#11 /Users/florent/Dev/plantes-addict/webapp/development/v0.8-latest/vendor/laravel/framework/src/Illuminate/Routing/Router.php(680): Illuminate\\Routing\\Router->prepareResponse(Object(Illuminate\\Http\\Request), Object(Illuminate\\View\\View))
#12 /Users/florent/Dev/plantes-addict/webapp/development/v0.8-latest/vendor/laravel/framework/src/Illuminate/Pipeline/Pipeline.php(130): Illuminate\\Routing\\Router->Illuminate\\Routing\\{closure}(Object(Illuminate\\Http\\Request))
#13 /Users/florent/Dev/plantes-addict/webapp/development/v0.8-latest/vendor/jeremykenedy/laravel-blocker/src/App/Http/Middleware/LaravelBlocker.php(27): Illuminate\\Pipeline\\Pipeline->Illuminate\\Pipeline\\{closure}(Object(Illuminate\\Http\\Request))
#14 /Users/florent/Dev/plantes-addict/webapp/development/v0.8-latest/vendor/laravel/framework/src/Illuminate/Pipeline/Pipeline.php(171): jeremykenedy\\LaravelBlocker\\App\\Http\\Middleware\\LaravelBlocker->handle(Object(Illuminate\\Http\\Request), Object(Closure))
#15 /Users/florent/Dev/plantes-addict/webapp/development/v0.8-latest/vendor/laravel/framework/src/Illuminate/Routing/Middleware/SubstituteBindings.php(41): Illuminate\\Pipeline\\Pipeline->Illuminate\\Pipeline\\{closure}(Object(Illuminate\\Http\\Request))
#16 /Users/florent/Dev/plantes-addict/webapp/development/v0.8-latest/vendor/laravel/framework/src/Illuminate/Pipeline/Pipeline.php(171): Illuminate\\Routing\\Middleware\\SubstituteBindings->handle(Object(Illuminate\\Http\\Request), Object(Closure))
#17 /Users/florent/Dev/plantes-addict/webapp/development/v0.8-latest/vendor/laravel/framework/src/Illuminate/Foundation/Http/Middleware/VerifyCsrfToken.php(76): Illuminate\\Pipeline\\Pipeline->Illuminate\\Pipeline\\{closure}(Object(Illuminate\\Http\\Request))
#18 /Users/florent/Dev/plantes-addict/webapp/development/v0.8-latest/vendor/laravel/framework/src/Illuminate/Pipeline/Pipeline.php(171): Illuminate\\Foundation\\Http\\Middleware\\VerifyCsrfToken->handle(Object(Illuminate\\Http\\Request), Object(Closure))
#19 /Users/florent/Dev/plantes-addict/webapp/development/v0.8-latest/vendor/laravel/framework/src/Illuminate/View/Middleware/ShareErrorsFromSession.php(49): Illuminate\\Pipeline\\Pipeline->Illuminate\\Pipeline\\{closure}(Object(Illuminate\\Http\\Request))
#20 /Users/florent/Dev/plantes-addict/webapp/development/v0.8-latest/vendor/laravel/framework/src/Illuminate/Pipeline/Pipeline.php(171): Illuminate\\View\\Middleware\\ShareErrorsFromSession->handle(Object(Illuminate\\Http\\Request), Object(Closure))
#21 /Users/florent/Dev/plantes-addict/webapp/development/v0.8-latest/vendor/laravel/framework/src/Illuminate/Session/Middleware/StartSession.php(56): Illuminate\\Pipeline\\Pipeline->Illuminate\\Pipeline\\{closure}(Object(Illuminate\\Http\\Request))
#22 /Users/florent/Dev/plantes-addict/webapp/development/v0.8-latest/vendor/laravel/framework/src/Illuminate/Pipeline/Pipeline.php(171): Illuminate\\Session\\Middleware\\StartSession->handle(Object(Illuminate\\Http\\Request), Object(Closure))
#23 /Users/florent/Dev/plantes-addict/webapp/development/v0.8-latest/vendor/laravel/framework/src/Illuminate/Cookie/Middleware/AddQueuedCookiesToResponse.php(37): Illuminate\\Pipeline\\Pipeline->Illuminate\\Pipeline\\{closure}(Object(Illuminate\\Http\\Request))
#24 /Users/florent/Dev/plantes-addict/webapp/development/v0.8-latest/vendor/laravel/framework/src/Illuminate/Pipeline/Pipeline.php(171): Illuminate\\Cookie\\Middleware\\AddQueuedCookiesToResponse->handle(Object(Illuminate\\Http\\Request), Object(Closure))
#25 /Users/florent/Dev/plantes-addict/webapp/development/v0.8-latest/vendor/laravel/framework/src/Illuminate/Cookie/Middleware/EncryptCookies.php(66): Illuminate\\Pipeline\\Pipeline->Illuminate\\Pipeline\\{closure}(Object(Illuminate\\Http\\Request))
#26 /Users/florent/Dev/plantes-addict/webapp/development/v0.8-latest/vendor/laravel/framework/src/Illuminate/Pipeline/Pipeline.php(171): Illuminate\\Cookie\\Middleware\\EncryptCookies->handle(Object(Illuminate\\Http\\Request), Object(Closure))
#27 /Users/florent/Dev/plantes-addict/webapp/development/v0.8-latest/vendor/laravel/framework/src/Illuminate/Pipeline/Pipeline.php(105): Illuminate\\Pipeline\\Pipeline->Illuminate\\Pipeline\\{closure}(Object(Illuminate\\Http\\Request))
#28 /Users/florent/Dev/plantes-addict/webapp/development/v0.8-latest/vendor/laravel/framework/src/Illuminate/Routing/Router.php(682): Illuminate\\Pipeline\\Pipeline->then(Object(Closure))
#29 /Users/florent/Dev/plantes-addict/webapp/development/v0.8-latest/vendor/laravel/framework/src/Illuminate/Routing/Router.php(657): Illuminate\\Routing\\Router->runRouteWithinStack(Object(Illuminate\\Routing\\Route), Object(Illuminate\\Http\\Request))
#30 /Users/florent/Dev/plantes-addict/webapp/development/v0.8-latest/vendor/laravel/framework/src/Illuminate/Routing/Router.php(623): Illuminate\\Routing\\Router->runRoute(Object(Illuminate\\Http\\Request), Object(Illuminate\\Routing\\Route))
#31 /Users/florent/Dev/plantes-addict/webapp/development/v0.8-latest/vendor/laravel/framework/src/Illuminate/Routing/Router.php(612): Illuminate\\Routing\\Router->dispatchToRoute(Object(Illuminate\\Http\\Request))
#32 /Users/florent/Dev/plantes-addict/webapp/development/v0.8-latest/vendor/laravel/framework/src/Illuminate/Foundation/Http/Kernel.php(176): Illuminate\\Routing\\Router->dispatch(Object(Illuminate\\Http\\Request))
#33 /Users/florent/Dev/plantes-addict/webapp/development/v0.8-latest/vendor/laravel/framework/src/Illuminate/Pipeline/Pipeline.php(130): Illuminate\\Foundation\\Http\\Kernel->Illuminate\\Foundation\\Http\\{closure}(Object(Illuminate\\Http\\Request))
#34 /Users/florent/Dev/plantes-addict/webapp/development/v0.8-latest/vendor/barryvdh/laravel-debugbar/src/Middleware/InjectDebugbar.php(65): Illuminate\\Pipeline\\Pipeline->Illuminate\\Pipeline\\{closure}(Object(Illuminate\\Http\\Request))
#35 /Users/florent/Dev/plantes-addict/webapp/development/v0.8-latest/vendor/laravel/framework/src/Illuminate/Pipeline/Pipeline.php(171): Barryvdh\\Debugbar\\Middleware\\InjectDebugbar->handle(Object(Illuminate\\Http\\Request), Object(Closure))
#36 /Users/florent/Dev/plantes-addict/webapp/development/v0.8-latest/vendor/fideloper/proxy/src/TrustProxies.php(57): Illuminate\\Pipeline\\Pipeline->Illuminate\\Pipeline\\{closure}(Object(Illuminate\\Http\\Request))
#37 /Users/florent/Dev/plantes-addict/webapp/development/v0.8-latest/vendor/laravel/framework/src/Illuminate/Pipeline/Pipeline.php(171): Fideloper\\Proxy\\TrustProxies->handle(Object(Illuminate\\Http\\Request), Object(Closure))
#38 /Users/florent/Dev/plantes-addict/webapp/development/v0.8-latest/vendor/laravel/framework/src/Illuminate/Foundation/Http/Middleware/TransformsRequest.php(21): Illuminate\\Pipeline\\Pipeline->Illuminate\\Pipeline\\{closure}(Object(Illuminate\\Http\\Request))
#39 /Users/florent/Dev/plantes-addict/webapp/development/v0.8-latest/vendor/laravel/framework/src/Illuminate/Pipeline/Pipeline.php(171): Illuminate\\Foundation\\Http\\Middleware\\TransformsRequest->handle(Object(Illuminate\\Http\\Request), Object(Closure))
#40 /Users/florent/Dev/plantes-addict/webapp/development/v0.8-latest/vendor/laravel/framework/src/Illuminate/Foundation/Http/Middleware/TransformsRequest.php(21): Illuminate\\Pipeline\\Pipeline->Illuminate\\Pipeline\\{closure}(Object(Illuminate\\Http\\Request))
#41 /Users/florent/Dev/plantes-addict/webapp/development/v0.8-latest/vendor/laravel/framework/src/Illuminate/Pipeline/Pipeline.php(171): Illuminate\\Foundation\\Http\\Middleware\\TransformsRequest->handle(Object(Illuminate\\Http\\Request), Object(Closure))
#42 /Users/florent/Dev/plantes-addict/webapp/development/v0.8-latest/vendor/laravel/framework/src/Illuminate/Foundation/Http/Middleware/ValidatePostSize.php(27): Illuminate\\Pipeline\\Pipeline->Illuminate\\Pipeline\\{closure}(Object(Illuminate\\Http\\Request))
#43 /Users/florent/Dev/plantes-addict/webapp/development/v0.8-latest/vendor/laravel/framework/src/Illuminate/Pipeline/Pipeline.php(171): Illuminate\\Foundation\\Http\\Middleware\\ValidatePostSize->handle(Object(Illuminate\\Http\\Request), Object(Closure))
#44 /Users/florent/Dev/plantes-addict/webapp/development/v0.8-latest/vendor/laravel/framework/src/Illuminate/Foundation/Http/Middleware/CheckForMaintenanceMode.php(62): Illuminate\\Pipeline\\Pipeline->Illuminate\\Pipeline\\{closure}(Object(Illuminate\\Http\\Request))
#45 /Users/florent/Dev/plantes-addict/webapp/development/v0.8-latest/vendor/laravel/framework/src/Illuminate/Pipeline/Pipeline.php(171): Illuminate\\Foundation\\Http\\Middleware\\CheckForMaintenanceMode->handle(Object(Illuminate\\Http\\Request), Object(Closure))
#46 /Users/florent/Dev/plantes-addict/webapp/development/v0.8-latest/vendor/laravel/framework/src/Illuminate/Pipeline/Pipeline.php(105): Illuminate\\Pipeline\\Pipeline->Illuminate\\Pipeline\\{closure}(Object(Illuminate\\Http\\Request))
#47 /Users/florent/Dev/plantes-addict/webapp/development/v0.8-latest/vendor/laravel/framework/src/Illuminate/Foundation/Http/Kernel.php(151): Illuminate\\Pipeline\\Pipeline->then(Object(Closure))
#48 /Users/florent/Dev/plantes-addict/webapp/development/v0.8-latest/vendor/laravel/framework/src/Illuminate/Foundation/Http/Kernel.php(116): Illuminate\\Foundation\\Http\\Kernel->sendRequestThroughRouter(Object(Illuminate\\Http\\Request))
#49 /Users/florent/Dev/plantes-addict/webapp/development/v0.8-latest/public/index.php(52): Illuminate\\Foundation\\Http\\Kernel->handle(Object(Illuminate\\Http\\Request))
#50 /Users/florent/Dev/plantes-addict/webapp/development/v0.8-latest/server.php(19): require_once('/Users/florent/...')
#51 {main}
"} 
