[2020-01-20 19:42:10] local.ERROR: SQLSTATE[42S01]: Base table or view already exists: 1050 Table 'activations' already exists (SQL: create table `activations` (`id` int unsigned not null auto_increment primary key, `user_id` bigint unsigned not null, `token` varchar(191) not null, `ip_address` varchar(45) not null, `created_at` timestamp null, `updated_at` timestamp null) default character set utf8mb4 collate 'utf8mb4_unicode_ci') {"exception":"[object] (Illuminate\\Database\\QueryException(code: 42S01): SQLSTATE[42S01]: Base table or view already exists: 1050 Table 'activations' already exists (SQL: create table `activations` (`id` int unsigned not null auto_increment primary key, `user_id` bigint unsigned not null, `token` varchar(191) not null, `ip_address` varchar(45) not null, `created_at` timestamp null, `updated_at` timestamp null) default character set utf8mb4 collate 'utf8mb4_unicode_ci') at /Users/florent/Dev/plantes-addict/webapp/development/v0.8-latest/vendor/laravel/framework/src/Illuminate/Database/Connection.php:665)
[stacktrace]
#0 /Users/florent/Dev/plantes-addict/webapp/development/v0.8-latest/vendor/laravel/framework/src/Illuminate/Database/Connection.php(625): Illuminate\\Database\\Connection->runQueryCallback('create table `a...', Array, Object(Closure))
#1 /Users/florent/Dev/plantes-addict/webapp/development/v0.8-latest/vendor/laravel/framework/src/Illuminate/Database/Connection.php(460): Illuminate\\Database\\Connection->run('create table `a...', Array, Object(Closure))
#2 /Users/florent/Dev/plantes-addict/webapp/development/v0.8-latest/vendor/laravel/framework/src/Illuminate/Database/Schema/Blueprint.php(97): Illuminate\\Database\\Connection->statement('create table `a...')
#3 /Users/florent/Dev/plantes-addict/webapp/development/v0.8-latest/vendor/laravel/framework/src/Illuminate/Database/Schema/Builder.php(290): Illuminate\\Database\\Schema\\Blueprint->build(Object(Illuminate\\Database\\MySqlConnection), Object(Illuminate\\Database\\Schema\\Grammars\\MySqlGrammar))
#4 /Users/florent/Dev/plantes-addict/webapp/development/v0.8-latest/vendor/laravel/framework/src/Illuminate/Database/Schema/Builder.php(167): Illuminate\\Database\\Schema\\Builder->build(Object(Illuminate\\Database\\Schema\\Blueprint))
#5 /Users/florent/Dev/plantes-addict/webapp/development/v0.8-latest/vendor/laravel/framework/src/Illuminate/Support/Facades/Facade.php(239): Illuminate\\Database\\Schema\\Builder->create('activations', Object(Closure))
#6 /Users/florent/Dev/plantes-addict/webapp/development/v0.8-latest/database/migrations/2017_03_09_082526_create_activations_table.php(23): Illuminate\\Support\\Facades\\Facade::__callStatic('create', Array)
#7 /Users/florent/Dev/plantes-addict/webapp/development/v0.8-latest/vendor/laravel/framework/src/Illuminate/Database/Migrations/Migrator.php(387): CreateActivationsTable->up()
#8 /Users/florent/Dev/plantes-addict/webapp/development/v0.8-latest/vendor/laravel/framework/src/Illuminate/Database/Migrations/Migrator.php(396): Illuminate\\Database\\Migrations\\Migrator->Illuminate\\Database\\Migrations\\{closure}()
#9 /Users/florent/Dev/plantes-addict/webapp/development/v0.8-latest/vendor/laravel/framework/src/Illuminate/Database/Migrations/Migrator.php(197): Illuminate\\Database\\Migrations\\Migrator->runMigration(Object(CreateActivationsTable), 'up')
#10 /Users/florent/Dev/plantes-addict/webapp/development/v0.8-latest/vendor/laravel/framework/src/Illuminate/Database/Migrations/Migrator.php(162): Illuminate\\Database\\Migrations\\Migrator->runUp('/Users/florent/...', 1, false)
#11 /Users/florent/Dev/plantes-addict/webapp/development/v0.8-latest/vendor/laravel/framework/src/Illuminate/Database/Migrations/Migrator.php(109): Illuminate\\Database\\Migrations\\Migrator->runPending(Array, Array)
#12 /Users/florent/Dev/plantes-addict/webapp/development/v0.8-latest/vendor/laravel/framework/src/Illuminate/Database/Console/Migrations/MigrateCommand.php(71): Illuminate\\Database\\Migrations\\Migrator->run(Array, Array)
#13 [internal function]: Illuminate\\Database\\Console\\Migrations\\MigrateCommand->handle()
#14 /Users/florent/Dev/plantes-addict/webapp/development/v0.8-latest/vendor/laravel/framework/src/Illuminate/Container/BoundMethod.php(32): call_user_func_array(Array, Array)
#15 /Users/florent/Dev/plantes-addict/webapp/development/v0.8-latest/vendor/laravel/framework/src/Illuminate/Support/helpers.php(520): Illuminate\\Container\\BoundMethod::Illuminate\\Container\\{closure}()
#16 /Users/florent/Dev/plantes-addict/webapp/development/v0.8-latest/vendor/laravel/framework/src/Illuminate/Container/BoundMethod.php(90): value(Object(Closure))
#17 /Users/florent/Dev/plantes-addict/webapp/development/v0.8-latest/vendor/laravel/framework/src/Illuminate/Container/BoundMethod.php(34): Illuminate\\Container\\BoundMethod::callBoundMethod(Object(Illuminate\\Foundation\\Application), Array, Object(Closure))
#18 /Users/florent/Dev/plantes-addict/webapp/development/v0.8-latest/vendor/laravel/framework/src/Illuminate/Container/Container.php(591): Illuminate\\Container\\BoundMethod::call(Object(Illuminate\\Foundation\\Application), Array, Array, NULL)
#19 /Users/florent/Dev/plantes-addict/webapp/development/v0.8-latest/vendor/laravel/framework/src/Illuminate/Console/Command.php(202): Illuminate\\Container\\Container->call(Array)
#20 /Users/florent/Dev/plantes-addict/webapp/development/v0.8-latest/vendor/symfony/console/Command/Command.php(255): Illuminate\\Console\\Command->execute(Object(Symfony\\Component\\Console\\Input\\ArgvInput), Object(Illuminate\\Console\\OutputStyle))
#21 /Users/florent/Dev/plantes-addict/webapp/development/v0.8-latest/vendor/laravel/framework/src/Illuminate/Console/Command.php(189): Symfony\\Component\\Console\\Command\\Command->run(Object(Symfony\\Component\\Console\\Input\\ArgvInput), Object(Illuminate\\Console\\OutputStyle))
#22 /Users/florent/Dev/plantes-addict/webapp/development/v0.8-latest/vendor/symfony/console/Application.php(934): Illuminate\\Console\\Command->run(Object(Symfony\\Component\\Console\\Input\\ArgvInput), Object(Symfony\\Component\\Console\\Output\\ConsoleOutput))
#23 /Users/florent/Dev/plantes-addict/webapp/development/v0.8-latest/vendor/symfony/console/Application.php(273): Symfony\\Component\\Console\\Application->doRunCommand(Object(Illuminate\\Database\\Console\\Migrations\\MigrateCommand), Object(Symfony\\Component\\Console\\Input\\ArgvInput), Object(Symfony\\Component\\Console\\Output\\ConsoleOutput))
#24 /Users/florent/Dev/plantes-addict/webapp/development/v0.8-latest/vendor/symfony/console/Application.php(149): Symfony\\Component\\Console\\Application->doRun(Object(Symfony\\Component\\Console\\Input\\ArgvInput), Object(Symfony\\Component\\Console\\Output\\ConsoleOutput))
#25 /Users/florent/Dev/plantes-addict/webapp/development/v0.8-latest/vendor/laravel/framework/src/Illuminate/Console/Application.php(90): Symfony\\Component\\Console\\Application->run(Object(Symfony\\Component\\Console\\Input\\ArgvInput), Object(Symfony\\Component\\Console\\Output\\ConsoleOutput))
#26 /Users/florent/Dev/plantes-addict/webapp/development/v0.8-latest/vendor/laravel/framework/src/Illuminate/Foundation/Console/Kernel.php(131): Illuminate\\Console\\Application->run(Object(Symfony\\Component\\Console\\Input\\ArgvInput), Object(Symfony\\Component\\Console\\Output\\ConsoleOutput))
#27 /Users/florent/Dev/plantes-addict/webapp/development/v0.8-latest/artisan(37): Illuminate\\Foundation\\Console\\Kernel->handle(Object(Symfony\\Component\\Console\\Input\\ArgvInput), Object(Symfony\\Component\\Console\\Output\\ConsoleOutput))
#28 {main}

[previous exception] [object] (Doctrine\\DBAL\\Driver\\PDOException(code: 42S01): SQLSTATE[42S01]: Base table or view already exists: 1050 Table 'activations' already exists at /Users/florent/Dev/plantes-addict/webapp/development/v0.8-latest/vendor/doctrine/dbal/lib/Doctrine/DBAL/Driver/PDOStatement.php:123)
[stacktrace]
#0 /Users/florent/Dev/plantes-addict/webapp/development/v0.8-latest/vendor/laravel/framework/src/Illuminate/Database/Connection.php(459): Doctrine\\DBAL\\Driver\\PDOStatement->execute()
#1 /Users/florent/Dev/plantes-addict/webapp/development/v0.8-latest/vendor/laravel/framework/src/Illuminate/Database/Connection.php(658): Illuminate\\Database\\Connection->Illuminate\\Database\\{closure}('create table `a...', Array)
#2 /Users/florent/Dev/plantes-addict/webapp/development/v0.8-latest/vendor/laravel/framework/src/Illuminate/Database/Connection.php(625): Illuminate\\Database\\Connection->runQueryCallback('create table `a...', Array, Object(Closure))
#3 /Users/florent/Dev/plantes-addict/webapp/development/v0.8-latest/vendor/laravel/framework/src/Illuminate/Database/Connection.php(460): Illuminate\\Database\\Connection->run('create table `a...', Array, Object(Closure))
#4 /Users/florent/Dev/plantes-addict/webapp/development/v0.8-latest/vendor/laravel/framework/src/Illuminate/Database/Schema/Blueprint.php(97): Illuminate\\Database\\Connection->statement('create table `a...')
#5 /Users/florent/Dev/plantes-addict/webapp/development/v0.8-latest/vendor/laravel/framework/src/Illuminate/Database/Schema/Builder.php(290): Illuminate\\Database\\Schema\\Blueprint->build(Object(Illuminate\\Database\\MySqlConnection), Object(Illuminate\\Database\\Schema\\Grammars\\MySqlGrammar))
#6 /Users/florent/Dev/plantes-addict/webapp/development/v0.8-latest/vendor/laravel/framework/src/Illuminate/Database/Schema/Builder.php(167): Illuminate\\Database\\Schema\\Builder->build(Object(Illuminate\\Database\\Schema\\Blueprint))
#7 /Users/florent/Dev/plantes-addict/webapp/development/v0.8-latest/vendor/laravel/framework/src/Illuminate/Support/Facades/Facade.php(239): Illuminate\\Database\\Schema\\Builder->create('activations', Object(Closure))
#8 /Users/florent/Dev/plantes-addict/webapp/development/v0.8-latest/database/migrations/2017_03_09_082526_create_activations_table.php(23): Illuminate\\Support\\Facades\\Facade::__callStatic('create', Array)
#9 /Users/florent/Dev/plantes-addict/webapp/development/v0.8-latest/vendor/laravel/framework/src/Illuminate/Database/Migrations/Migrator.php(387): CreateActivationsTable->up()
#10 /Users/florent/Dev/plantes-addict/webapp/development/v0.8-latest/vendor/laravel/framework/src/Illuminate/Database/Migrations/Migrator.php(396): Illuminate\\Database\\Migrations\\Migrator->Illuminate\\Database\\Migrations\\{closure}()
#11 /Users/florent/Dev/plantes-addict/webapp/development/v0.8-latest/vendor/laravel/framework/src/Illuminate/Database/Migrations/Migrator.php(197): Illuminate\\Database\\Migrations\\Migrator->runMigration(Object(CreateActivationsTable), 'up')
#12 /Users/florent/Dev/plantes-addict/webapp/development/v0.8-latest/vendor/laravel/framework/src/Illuminate/Database/Migrations/Migrator.php(162): Illuminate\\Database\\Migrations\\Migrator->runUp('/Users/florent/...', 1, false)
#13 /Users/florent/Dev/plantes-addict/webapp/development/v0.8-latest/vendor/laravel/framework/src/Illuminate/Database/Migrations/Migrator.php(109): Illuminate\\Database\\Migrations\\Migrator->runPending(Array, Array)
#14 /Users/florent/Dev/plantes-addict/webapp/development/v0.8-latest/vendor/laravel/framework/src/Illuminate/Database/Console/Migrations/MigrateCommand.php(71): Illuminate\\Database\\Migrations\\Migrator->run(Array, Array)
#15 [internal function]: Illuminate\\Database\\Console\\Migrations\\MigrateCommand->handle()
#16 /Users/florent/Dev/plantes-addict/webapp/development/v0.8-latest/vendor/laravel/framework/src/Illuminate/Container/BoundMethod.php(32): call_user_func_array(Array, Array)
#17 /Users/florent/Dev/plantes-addict/webapp/development/v0.8-latest/vendor/laravel/framework/src/Illuminate/Support/helpers.php(520): Illuminate\\Container\\BoundMethod::Illuminate\\Container\\{closure}()
#18 /Users/florent/Dev/plantes-addict/webapp/development/v0.8-latest/vendor/laravel/framework/src/Illuminate/Container/BoundMethod.php(90): value(Object(Closure))
#19 /Users/florent/Dev/plantes-addict/webapp/development/v0.8-latest/vendor/laravel/framework/src/Illuminate/Container/BoundMethod.php(34): Illuminate\\Container\\BoundMethod::callBoundMethod(Object(Illuminate\\Foundation\\Application), Array, Object(Closure))
#20 /Users/florent/Dev/plantes-addict/webapp/development/v0.8-latest/vendor/laravel/framework/src/Illuminate/Container/Container.php(591): Illuminate\\Container\\BoundMethod::call(Object(Illuminate\\Foundation\\Application), Array, Array, NULL)
#21 /Users/florent/Dev/plantes-addict/webapp/development/v0.8-latest/vendor/laravel/framework/src/Illuminate/Console/Command.php(202): Illuminate\\Container\\Container->call(Array)
#22 /Users/florent/Dev/plantes-addict/webapp/development/v0.8-latest/vendor/symfony/console/Command/Command.php(255): Illuminate\\Console\\Command->execute(Object(Symfony\\Component\\Console\\Input\\ArgvInput), Object(Illuminate\\Console\\OutputStyle))
#23 /Users/florent/Dev/plantes-addict/webapp/development/v0.8-latest/vendor/laravel/framework/src/Illuminate/Console/Command.php(189): Symfony\\Component\\Console\\Command\\Command->run(Object(Symfony\\Component\\Console\\Input\\ArgvInput), Object(Illuminate\\Console\\OutputStyle))
#24 /Users/florent/Dev/plantes-addict/webapp/development/v0.8-latest/vendor/symfony/console/Application.php(934): Illuminate\\Console\\Command->run(Object(Symfony\\Component\\Console\\Input\\ArgvInput), Object(Symfony\\Component\\Console\\Output\\ConsoleOutput))
#25 /Users/florent/Dev/plantes-addict/webapp/development/v0.8-latest/vendor/symfony/console/Application.php(273): Symfony\\Component\\Console\\Application->doRunCommand(Object(Illuminate\\Database\\Console\\Migrations\\MigrateCommand), Object(Symfony\\Component\\Console\\Input\\ArgvInput), Object(Symfony\\Component\\Console\\Output\\ConsoleOutput))
#26 /Users/florent/Dev/plantes-addict/webapp/development/v0.8-latest/vendor/symfony/console/Application.php(149): Symfony\\Component\\Console\\Application->doRun(Object(Symfony\\Component\\Console\\Input\\ArgvInput), Object(Symfony\\Component\\Console\\Output\\ConsoleOutput))
#27 /Users/florent/Dev/plantes-addict/webapp/development/v0.8-latest/vendor/laravel/framework/src/Illuminate/Console/Application.php(90): Symfony\\Component\\Console\\Application->run(Object(Symfony\\Component\\Console\\Input\\ArgvInput), Object(Symfony\\Component\\Console\\Output\\ConsoleOutput))
#28 /Users/florent/Dev/plantes-addict/webapp/development/v0.8-latest/vendor/laravel/framework/src/Illuminate/Foundation/Console/Kernel.php(131): Illuminate\\Console\\Application->run(Object(Symfony\\Component\\Console\\Input\\ArgvInput), Object(Symfony\\Component\\Console\\Output\\ConsoleOutput))
#29 /Users/florent/Dev/plantes-addict/webapp/development/v0.8-latest/artisan(37): Illuminate\\Foundation\\Console\\Kernel->handle(Object(Symfony\\Component\\Console\\Input\\ArgvInput), Object(Symfony\\Component\\Console\\Output\\ConsoleOutput))
#30 {main}

[previous exception] [object] (PDOException(code: 42S01): SQLSTATE[42S01]: Base table or view already exists: 1050 Table 'activations' already exists at /Users/florent/Dev/plantes-addict/webapp/development/v0.8-latest/vendor/doctrine/dbal/lib/Doctrine/DBAL/Driver/PDOStatement.php:121)
[stacktrace]
#0 /Users/florent/Dev/plantes-addict/webapp/development/v0.8-latest/vendor/doctrine/dbal/lib/Doctrine/DBAL/Driver/PDOStatement.php(121): PDOStatement->execute(NULL)
#1 /Users/florent/Dev/plantes-addict/webapp/development/v0.8-latest/vendor/laravel/framework/src/Illuminate/Database/Connection.php(459): Doctrine\\DBAL\\Driver\\PDOStatement->execute()
#2 /Users/florent/Dev/plantes-addict/webapp/development/v0.8-latest/vendor/laravel/framework/src/Illuminate/Database/Connection.php(658): Illuminate\\Database\\Connection->Illuminate\\Database\\{closure}('create table `a...', Array)
#3 /Users/florent/Dev/plantes-addict/webapp/development/v0.8-latest/vendor/laravel/framework/src/Illuminate/Database/Connection.php(625): Illuminate\\Database\\Connection->runQueryCallback('create table `a...', Array, Object(Closure))
#4 /Users/florent/Dev/plantes-addict/webapp/development/v0.8-latest/vendor/laravel/framework/src/Illuminate/Database/Connection.php(460): Illuminate\\Database\\Connection->run('create table `a...', Array, Object(Closure))
#5 /Users/florent/Dev/plantes-addict/webapp/development/v0.8-latest/vendor/laravel/framework/src/Illuminate/Database/Schema/Blueprint.php(97): Illuminate\\Database\\Connection->statement('create table `a...')
#6 /Users/florent/Dev/plantes-addict/webapp/development/v0.8-latest/vendor/laravel/framework/src/Illuminate/Database/Schema/Builder.php(290): Illuminate\\Database\\Schema\\Blueprint->build(Object(Illuminate\\Database\\MySqlConnection), Object(Illuminate\\Database\\Schema\\Grammars\\MySqlGrammar))
#7 /Users/florent/Dev/plantes-addict/webapp/development/v0.8-latest/vendor/laravel/framework/src/Illuminate/Database/Schema/Builder.php(167): Illuminate\\Database\\Schema\\Builder->build(Object(Illuminate\\Database\\Schema\\Blueprint))
#8 /Users/florent/Dev/plantes-addict/webapp/development/v0.8-latest/vendor/laravel/framework/src/Illuminate/Support/Facades/Facade.php(239): Illuminate\\Database\\Schema\\Builder->create('activations', Object(Closure))
#9 /Users/florent/Dev/plantes-addict/webapp/development/v0.8-latest/database/migrations/2017_03_09_082526_create_activations_table.php(23): Illuminate\\Support\\Facades\\Facade::__callStatic('create', Array)
#10 /Users/florent/Dev/plantes-addict/webapp/development/v0.8-latest/vendor/laravel/framework/src/Illuminate/Database/Migrations/Migrator.php(387): CreateActivationsTable->up()
#11 /Users/florent/Dev/plantes-addict/webapp/development/v0.8-latest/vendor/laravel/framework/src/Illuminate/Database/Migrations/Migrator.php(396): Illuminate\\Database\\Migrations\\Migrator->Illuminate\\Database\\Migrations\\{closure}()
#12 /Users/florent/Dev/plantes-addict/webapp/development/v0.8-latest/vendor/laravel/framework/src/Illuminate/Database/Migrations/Migrator.php(197): Illuminate\\Database\\Migrations\\Migrator->runMigration(Object(CreateActivationsTable), 'up')
#13 /Users/florent/Dev/plantes-addict/webapp/development/v0.8-latest/vendor/laravel/framework/src/Illuminate/Database/Migrations/Migrator.php(162): Illuminate\\Database\\Migrations\\Migrator->runUp('/Users/florent/...', 1, false)
#14 /Users/florent/Dev/plantes-addict/webapp/development/v0.8-latest/vendor/laravel/framework/src/Illuminate/Database/Migrations/Migrator.php(109): Illuminate\\Database\\Migrations\\Migrator->runPending(Array, Array)
#15 /Users/florent/Dev/plantes-addict/webapp/development/v0.8-latest/vendor/laravel/framework/src/Illuminate/Database/Console/Migrations/MigrateCommand.php(71): Illuminate\\Database\\Migrations\\Migrator->run(Array, Array)
#16 [internal function]: Illuminate\\Database\\Console\\Migrations\\MigrateCommand->handle()
#17 /Users/florent/Dev/plantes-addict/webapp/development/v0.8-latest/vendor/laravel/framework/src/Illuminate/Container/BoundMethod.php(32): call_user_func_array(Array, Array)
#18 /Users/florent/Dev/plantes-addict/webapp/development/v0.8-latest/vendor/laravel/framework/src/Illuminate/Support/helpers.php(520): Illuminate\\Container\\BoundMethod::Illuminate\\Container\\{closure}()
#19 /Users/florent/Dev/plantes-addict/webapp/development/v0.8-latest/vendor/laravel/framework/src/Illuminate/Container/BoundMethod.php(90): value(Object(Closure))
#20 /Users/florent/Dev/plantes-addict/webapp/development/v0.8-latest/vendor/laravel/framework/src/Illuminate/Container/BoundMethod.php(34): Illuminate\\Container\\BoundMethod::callBoundMethod(Object(Illuminate\\Foundation\\Application), Array, Object(Closure))
#21 /Users/florent/Dev/plantes-addict/webapp/development/v0.8-latest/vendor/laravel/framework/src/Illuminate/Container/Container.php(591): Illuminate\\Container\\BoundMethod::call(Object(Illuminate\\Foundation\\Application), Array, Array, NULL)
#22 /Users/florent/Dev/plantes-addict/webapp/development/v0.8-latest/vendor/laravel/framework/src/Illuminate/Console/Command.php(202): Illuminate\\Container\\Container->call(Array)
#23 /Users/florent/Dev/plantes-addict/webapp/development/v0.8-latest/vendor/symfony/console/Command/Command.php(255): Illuminate\\Console\\Command->execute(Object(Symfony\\Component\\Console\\Input\\ArgvInput), Object(Illuminate\\Console\\OutputStyle))
#24 /Users/florent/Dev/plantes-addict/webapp/development/v0.8-latest/vendor/laravel/framework/src/Illuminate/Console/Command.php(189): Symfony\\Component\\Console\\Command\\Command->run(Object(Symfony\\Component\\Console\\Input\\ArgvInput), Object(Illuminate\\Console\\OutputStyle))
#25 /Users/florent/Dev/plantes-addict/webapp/development/v0.8-latest/vendor/symfony/console/Application.php(934): Illuminate\\Console\\Command->run(Object(Symfony\\Component\\Console\\Input\\ArgvInput), Object(Symfony\\Component\\Console\\Output\\ConsoleOutput))
#26 /Users/florent/Dev/plantes-addict/webapp/development/v0.8-latest/vendor/symfony/console/Application.php(273): Symfony\\Component\\Console\\Application->doRunCommand(Object(Illuminate\\Database\\Console\\Migrations\\MigrateCommand), Object(Symfony\\Component\\Console\\Input\\ArgvInput), Object(Symfony\\Component\\Console\\Output\\ConsoleOutput))
#27 /Users/florent/Dev/plantes-addict/webapp/development/v0.8-latest/vendor/symfony/console/Application.php(149): Symfony\\Component\\Console\\Application->doRun(Object(Symfony\\Component\\Console\\Input\\ArgvInput), Object(Symfony\\Component\\Console\\Output\\ConsoleOutput))
#28 /Users/florent/Dev/plantes-addict/webapp/development/v0.8-latest/vendor/laravel/framework/src/Illuminate/Console/Application.php(90): Symfony\\Component\\Console\\Application->run(Object(Symfony\\Component\\Console\\Input\\ArgvInput), Object(Symfony\\Component\\Console\\Output\\ConsoleOutput))
#29 /Users/florent/Dev/plantes-addict/webapp/development/v0.8-latest/vendor/laravel/framework/src/Illuminate/Foundation/Console/Kernel.php(131): Illuminate\\Console\\Application->run(Object(Symfony\\Component\\Console\\Input\\ArgvInput), Object(Symfony\\Component\\Console\\Output\\ConsoleOutput))
#30 /Users/florent/Dev/plantes-addict/webapp/development/v0.8-latest/artisan(37): Illuminate\\Foundation\\Console\\Kernel->handle(Object(Symfony\\Component\\Console\\Input\\ArgvInput), Object(Symfony\\Component\\Console\\Output\\ConsoleOutput))
#31 {main}
"} 
[2020-01-20 19:46:45] local.ERROR: Undefined variable: order {"userId":1,"exception":"[object] (ErrorException(code: 0): Undefined variable: order at /Users/florent/Dev/plantes-addict/webapp/development/v0.8-latest/app/Http/Controllers/Front/OrdersController.php:53)
[stacktrace]
#0 /Users/florent/Dev/plantes-addict/webapp/development/v0.8-latest/app/Http/Controllers/Front/OrdersController.php(53): Illuminate\\Foundation\\Bootstrap\\HandleExceptions->handleError(8, 'Undefined varia...', '/Users/florent/...', 53, Array)
#1 [internal function]: App\\Http\\Controllers\\Front\\OrdersController->store(Object(App\\Http\\Requests\\NewOrderRequest))
#2 /Users/florent/Dev/plantes-addict/webapp/development/v0.8-latest/vendor/laravel/framework/src/Illuminate/Routing/Controller.php(54): call_user_func_array(Array, Array)
#3 /Users/florent/Dev/plantes-addict/webapp/development/v0.8-latest/vendor/laravel/framework/src/Illuminate/Routing/ControllerDispatcher.php(45): Illuminate\\Routing\\Controller->callAction('store', Array)
#4 /Users/florent/Dev/plantes-addict/webapp/development/v0.8-latest/vendor/laravel/framework/src/Illuminate/Routing/Route.php(219): Illuminate\\Routing\\ControllerDispatcher->dispatch(Object(Illuminate\\Routing\\Route), Object(App\\Http\\Controllers\\Front\\OrdersController), 'store')
#5 /Users/florent/Dev/plantes-addict/webapp/development/v0.8-latest/vendor/laravel/framework/src/Illuminate/Routing/Route.php(176): Illuminate\\Routing\\Route->runController()
#6 /Users/florent/Dev/plantes-addict/webapp/development/v0.8-latest/vendor/laravel/framework/src/Illuminate/Routing/Router.php(680): Illuminate\\Routing\\Route->run()
#7 /Users/florent/Dev/plantes-addict/webapp/development/v0.8-latest/vendor/laravel/framework/src/Illuminate/Pipeline/Pipeline.php(130): Illuminate\\Routing\\Router->Illuminate\\Routing\\{closure}(Object(Illuminate\\Http\\Request))
#8 /Users/florent/Dev/plantes-addict/webapp/development/v0.8-latest/vendor/jeremykenedy/laravel-blocker/src/App/Http/Middleware/LaravelBlocker.php(27): Illuminate\\Pipeline\\Pipeline->Illuminate\\Pipeline\\{closure}(Object(Illuminate\\Http\\Request))
#9 /Users/florent/Dev/plantes-addict/webapp/development/v0.8-latest/vendor/laravel/framework/src/Illuminate/Pipeline/Pipeline.php(171): jeremykenedy\\LaravelBlocker\\App\\Http\\Middleware\\LaravelBlocker->handle(Object(Illuminate\\Http\\Request), Object(Closure))
#10 /Users/florent/Dev/plantes-addict/webapp/development/v0.8-latest/vendor/laravel/framework/src/Illuminate/Routing/Middleware/SubstituteBindings.php(41): Illuminate\\Pipeline\\Pipeline->Illuminate\\Pipeline\\{closure}(Object(Illuminate\\Http\\Request))
#11 /Users/florent/Dev/plantes-addict/webapp/development/v0.8-latest/vendor/laravel/framework/src/Illuminate/Pipeline/Pipeline.php(171): Illuminate\\Routing\\Middleware\\SubstituteBindings->handle(Object(Illuminate\\Http\\Request), Object(Closure))
#12 /Users/florent/Dev/plantes-addict/webapp/development/v0.8-latest/vendor/laravel/framework/src/Illuminate/Auth/Middleware/Authenticate.php(43): Illuminate\\Pipeline\\Pipeline->Illuminate\\Pipeline\\{closure}(Object(Illuminate\\Http\\Request))
#13 /Users/florent/Dev/plantes-addict/webapp/development/v0.8-latest/vendor/laravel/framework/src/Illuminate/Pipeline/Pipeline.php(171): Illuminate\\Auth\\Middleware\\Authenticate->handle(Object(Illuminate\\Http\\Request), Object(Closure))
#14 /Users/florent/Dev/plantes-addict/webapp/development/v0.8-latest/vendor/laravel/framework/src/Illuminate/Foundation/Http/Middleware/VerifyCsrfToken.php(76): Illuminate\\Pipeline\\Pipeline->Illuminate\\Pipeline\\{closure}(Object(Illuminate\\Http\\Request))
#15 /Users/florent/Dev/plantes-addict/webapp/development/v0.8-latest/vendor/laravel/framework/src/Illuminate/Pipeline/Pipeline.php(171): Illuminate\\Foundation\\Http\\Middleware\\VerifyCsrfToken->handle(Object(Illuminate\\Http\\Request), Object(Closure))
#16 /Users/florent/Dev/plantes-addict/webapp/development/v0.8-latest/vendor/laravel/framework/src/Illuminate/View/Middleware/ShareErrorsFromSession.php(49): Illuminate\\Pipeline\\Pipeline->Illuminate\\Pipeline\\{closure}(Object(Illuminate\\Http\\Request))
#17 /Users/florent/Dev/plantes-addict/webapp/development/v0.8-latest/vendor/laravel/framework/src/Illuminate/Pipeline/Pipeline.php(171): Illuminate\\View\\Middleware\\ShareErrorsFromSession->handle(Object(Illuminate\\Http\\Request), Object(Closure))
#18 /Users/florent/Dev/plantes-addict/webapp/development/v0.8-latest/vendor/laravel/framework/src/Illuminate/Session/Middleware/StartSession.php(56): Illuminate\\Pipeline\\Pipeline->Illuminate\\Pipeline\\{closure}(Object(Illuminate\\Http\\Request))
#19 /Users/florent/Dev/plantes-addict/webapp/development/v0.8-latest/vendor/laravel/framework/src/Illuminate/Pipeline/Pipeline.php(171): Illuminate\\Session\\Middleware\\StartSession->handle(Object(Illuminate\\Http\\Request), Object(Closure))
#20 /Users/florent/Dev/plantes-addict/webapp/development/v0.8-latest/vendor/laravel/framework/src/Illuminate/Cookie/Middleware/AddQueuedCookiesToResponse.php(37): Illuminate\\Pipeline\\Pipeline->Illuminate\\Pipeline\\{closure}(Object(Illuminate\\Http\\Request))
#21 /Users/florent/Dev/plantes-addict/webapp/development/v0.8-latest/vendor/laravel/framework/src/Illuminate/Pipeline/Pipeline.php(171): Illuminate\\Cookie\\Middleware\\AddQueuedCookiesToResponse->handle(Object(Illuminate\\Http\\Request), Object(Closure))
#22 /Users/florent/Dev/plantes-addict/webapp/development/v0.8-latest/vendor/laravel/framework/src/Illuminate/Cookie/Middleware/EncryptCookies.php(66): Illuminate\\Pipeline\\Pipeline->Illuminate\\Pipeline\\{closure}(Object(Illuminate\\Http\\Request))
#23 /Users/florent/Dev/plantes-addict/webapp/development/v0.8-latest/vendor/laravel/framework/src/Illuminate/Pipeline/Pipeline.php(171): Illuminate\\Cookie\\Middleware\\EncryptCookies->handle(Object(Illuminate\\Http\\Request), Object(Closure))
#24 /Users/florent/Dev/plantes-addict/webapp/development/v0.8-latest/vendor/laravel/framework/src/Illuminate/Pipeline/Pipeline.php(105): Illuminate\\Pipeline\\Pipeline->Illuminate\\Pipeline\\{closure}(Object(Illuminate\\Http\\Request))
#25 /Users/florent/Dev/plantes-addict/webapp/development/v0.8-latest/vendor/laravel/framework/src/Illuminate/Routing/Router.php(682): Illuminate\\Pipeline\\Pipeline->then(Object(Closure))
#26 /Users/florent/Dev/plantes-addict/webapp/development/v0.8-latest/vendor/laravel/framework/src/Illuminate/Routing/Router.php(657): Illuminate\\Routing\\Router->runRouteWithinStack(Object(Illuminate\\Routing\\Route), Object(Illuminate\\Http\\Request))
#27 /Users/florent/Dev/plantes-addict/webapp/development/v0.8-latest/vendor/laravel/framework/src/Illuminate/Routing/Router.php(623): Illuminate\\Routing\\Router->runRoute(Object(Illuminate\\Http\\Request), Object(Illuminate\\Routing\\Route))
#28 /Users/florent/Dev/plantes-addict/webapp/development/v0.8-latest/vendor/laravel/framework/src/Illuminate/Routing/Router.php(612): Illuminate\\Routing\\Router->dispatchToRoute(Object(Illuminate\\Http\\Request))
#29 /Users/florent/Dev/plantes-addict/webapp/development/v0.8-latest/vendor/laravel/framework/src/Illuminate/Foundation/Http/Kernel.php(176): Illuminate\\Routing\\Router->dispatch(Object(Illuminate\\Http\\Request))
#30 /Users/florent/Dev/plantes-addict/webapp/development/v0.8-latest/vendor/laravel/framework/src/Illuminate/Pipeline/Pipeline.php(130): Illuminate\\Foundation\\Http\\Kernel->Illuminate\\Foundation\\Http\\{closure}(Object(Illuminate\\Http\\Request))
#31 /Users/florent/Dev/plantes-addict/webapp/development/v0.8-latest/vendor/barryvdh/laravel-debugbar/src/Middleware/InjectDebugbar.php(65): Illuminate\\Pipeline\\Pipeline->Illuminate\\Pipeline\\{closure}(Object(Illuminate\\Http\\Request))
#32 /Users/florent/Dev/plantes-addict/webapp/development/v0.8-latest/vendor/laravel/framework/src/Illuminate/Pipeline/Pipeline.php(171): Barryvdh\\Debugbar\\Middleware\\InjectDebugbar->handle(Object(Illuminate\\Http\\Request), Object(Closure))
#33 /Users/florent/Dev/plantes-addict/webapp/development/v0.8-latest/vendor/fideloper/proxy/src/TrustProxies.php(57): Illuminate\\Pipeline\\Pipeline->Illuminate\\Pipeline\\{closure}(Object(Illuminate\\Http\\Request))
#34 /Users/florent/Dev/plantes-addict/webapp/development/v0.8-latest/vendor/laravel/framework/src/Illuminate/Pipeline/Pipeline.php(171): Fideloper\\Proxy\\TrustProxies->handle(Object(Illuminate\\Http\\Request), Object(Closure))
#35 /Users/florent/Dev/plantes-addict/webapp/development/v0.8-latest/vendor/laravel/framework/src/Illuminate/Foundation/Http/Middleware/TransformsRequest.php(21): Illuminate\\Pipeline\\Pipeline->Illuminate\\Pipeline\\{closure}(Object(Illuminate\\Http\\Request))
#36 /Users/florent/Dev/plantes-addict/webapp/development/v0.8-latest/vendor/laravel/framework/src/Illuminate/Pipeline/Pipeline.php(171): Illuminate\\Foundation\\Http\\Middleware\\TransformsRequest->handle(Object(Illuminate\\Http\\Request), Object(Closure))
#37 /Users/florent/Dev/plantes-addict/webapp/development/v0.8-latest/vendor/laravel/framework/src/Illuminate/Foundation/Http/Middleware/TransformsRequest.php(21): Illuminate\\Pipeline\\Pipeline->Illuminate\\Pipeline\\{closure}(Object(Illuminate\\Http\\Request))
#38 /Users/florent/Dev/plantes-addict/webapp/development/v0.8-latest/vendor/laravel/framework/src/Illuminate/Pipeline/Pipeline.php(171): Illuminate\\Foundation\\Http\\Middleware\\TransformsRequest->handle(Object(Illuminate\\Http\\Request), Object(Closure))
#39 /Users/florent/Dev/plantes-addict/webapp/development/v0.8-latest/vendor/laravel/framework/src/Illuminate/Foundation/Http/Middleware/ValidatePostSize.php(27): Illuminate\\Pipeline\\Pipeline->Illuminate\\Pipeline\\{closure}(Object(Illuminate\\Http\\Request))
#40 /Users/florent/Dev/plantes-addict/webapp/development/v0.8-latest/vendor/laravel/framework/src/Illuminate/Pipeline/Pipeline.php(171): Illuminate\\Foundation\\Http\\Middleware\\ValidatePostSize->handle(Object(Illuminate\\Http\\Request), Object(Closure))
#41 /Users/florent/Dev/plantes-addict/webapp/development/v0.8-latest/vendor/laravel/framework/src/Illuminate/Foundation/Http/Middleware/CheckForMaintenanceMode.php(62): Illuminate\\Pipeline\\Pipeline->Illuminate\\Pipeline\\{closure}(Object(Illuminate\\Http\\Request))
#42 /Users/florent/Dev/plantes-addict/webapp/development/v0.8-latest/vendor/laravel/framework/src/Illuminate/Pipeline/Pipeline.php(171): Illuminate\\Foundation\\Http\\Middleware\\CheckForMaintenanceMode->handle(Object(Illuminate\\Http\\Request), Object(Closure))
#43 /Users/florent/Dev/plantes-addict/webapp/development/v0.8-latest/vendor/laravel/framework/src/Illuminate/Pipeline/Pipeline.php(105): Illuminate\\Pipeline\\Pipeline->Illuminate\\Pipeline\\{closure}(Object(Illuminate\\Http\\Request))
#44 /Users/florent/Dev/plantes-addict/webapp/development/v0.8-latest/vendor/laravel/framework/src/Illuminate/Foundation/Http/Kernel.php(151): Illuminate\\Pipeline\\Pipeline->then(Object(Closure))
#45 /Users/florent/Dev/plantes-addict/webapp/development/v0.8-latest/vendor/laravel/framework/src/Illuminate/Foundation/Http/Kernel.php(116): Illuminate\\Foundation\\Http\\Kernel->sendRequestThroughRouter(Object(Illuminate\\Http\\Request))
#46 /Users/florent/Dev/plantes-addict/webapp/development/v0.8-latest/public/index.php(52): Illuminate\\Foundation\\Http\\Kernel->handle(Object(Illuminate\\Http\\Request))
#47 /Users/florent/Dev/plantes-addict/webapp/development/v0.8-latest/server.php(19): require_once('/Users/florent/...')
#48 {main}
"} 
